GET /upload/ 200 4936 - 61.611 ms
GET /bootstrap/css/bootstrap.min.css 304 - - 1.836 ms
GET /fontawesome/css/all.css 304 - - 1.919 ms
GET /layout.css 304 - - 1.674 ms
GET /signin.css 304 - - 1.722 ms
GET /loader.css 304 - - 56.388 ms
GET /jquery.min.js 304 - - 61.672 ms
GET /bootstrap/js/bootstrap.min.js 304 - - 48.782 ms
GET /lib/user.png 304 - - 1.788 ms
GET /fontawesome/webfonts/fa-solid-900.woff2 304 - - 2.328 ms
GET /bootstrap/fonts/glyphicons-halflings-regular.woff2 304 - - 1.915 ms
GET /bootstrap/css/bootstrap.min.css.map 304 - - 2.028 ms
GET /upload/ 200 4948 - 58.708 ms
GET /bootstrap/css/bootstrap.min.css 304 - - 1.998 ms
GET /fontawesome/css/all.css 304 - - 78.369 ms
GET /signin.css 304 - - 55.392 ms
GET /layout.css 304 - - 59.292 ms
GET /loader.css 304 - - 95.689 ms
GET /bootstrap/js/bootstrap.min.js 304 - - 87.884 ms
GET /jquery.min.js 304 - - 71.714 ms
GET /lib/user.png 304 - - 63.431 ms
GET /fontawesome/webfonts/fa-solid-900.woff2 304 - - 104.236 ms
GET /bootstrap/fonts/glyphicons-halflings-regular.woff2 304 - - 89.347 ms
GET /bootstrap/css/bootstrap.min.css.map 304 - - 1.979 ms
GET /upload/ 200 4886 - 31.779 ms
GET /bootstrap/css/bootstrap.min.css 304 - - 1.941 ms
GET /fontawesome/css/all.css 304 - - 1.976 ms
GET /layout.css 304 - - 1.684 ms
GET /signin.css 304 - - 1.681 ms
GET /loader.css 304 - - 9.650 ms
GET /jquery.min.js 304 - - 40.954 ms
GET /bootstrap/js/bootstrap.min.js 304 - - 40.416 ms
GET /lib/user.png 304 - - 60.081 ms
GET /bootstrap/css/bootstrap.min.css.map 304 - - 2.480 ms
GET /bootstrap/fonts/glyphicons-halflings-regular.woff2 304 - - 77.659 ms
GET /fontawesome/webfonts/fa-solid-900.woff2 304 - - 80.376 ms
GET /upload/ 200 4914 - 40.751 ms
GET /bootstrap/css/bootstrap.min.css 304 - - 1.987 ms
GET /fontawesome/css/all.css 304 - - 1.934 ms
GET /layout.css 304 - - 1.673 ms
GET /signin.css 304 - - 1.680 ms
GET /loader.css 304 - - 1.623 ms
GET /jquery.min.js 304 - - 1.652 ms
GET /bootstrap/js/bootstrap.min.js 304 - - 1.800 ms
GET /lib/user.png 304 - - 64.578 ms
GET /bootstrap/css/bootstrap.min.css.map 304 - - 2.304 ms
GET /fontawesome/webfonts/fa-solid-900.woff2 304 - - 2.297 ms
GET /bootstrap/fonts/glyphicons-halflings-regular.woff2 304 - - 1.862 ms
GET /bootstrap/css/bootstrap.min.css.map 304 - - 25.695 ms
GET /upload/ 200 5126 - 21.429 ms
GET /bootstrap/css/bootstrap.min.css 304 - - 1.882 ms
GET /fontawesome/css/all.css 304 - - 2.003 ms
GET /layout.css 304 - - 1.696 ms
GET /signin.css 304 - - 8.972 ms
GET /loader.css 304 - - 15.568 ms
GET /jquery.min.js 304 - - 21.714 ms
GET /bootstrap/js/bootstrap.min.js 304 - - 16.701 ms
GET /lib/user.png 304 - - 87.017 ms
GET /fontawesome/webfonts/fa-solid-900.woff2 304 - - 1.982 ms
GET /bootstrap/fonts/glyphicons-halflings-regular.woff2 304 - - 2.286 ms
GET /bootstrap/css/bootstrap.min.css.map 304 - - 5.030 ms
GET /upload/ 200 5116 - 58.303 ms
GET /bootstrap/css/bootstrap.min.css 304 - - 1.930 ms
GET /fontawesome/css/all.css 304 - - 1.932 ms
GET /layout.css 304 - - 1.727 ms
GET /signin.css 304 - - 1.763 ms
GET /loader.css 304 - - 1.854 ms
GET /jquery.min.js 304 - - 11.661 ms
GET /bootstrap/js/bootstrap.min.js 304 - - 11.164 ms
GET /lib/user.png 304 - - 62.674 ms
GET /fontawesome/webfonts/fa-solid-900.woff2 304 - - 99.696 ms
GET /bootstrap/fonts/glyphicons-halflings-regular.woff2 304 - - 74.738 ms
GET /bootstrap/css/bootstrap.min.css.map 304 - - 1.820 ms
GET /upload/ 200 5187 - 34.197 ms
GET /bootstrap/css/bootstrap.min.css 304 - - 1.993 ms
GET /fontawesome/css/all.css 304 - - 66.700 ms
GET /layout.css 304 - - 80.561 ms
GET /signin.css 304 - - 81.628 ms
GET /loader.css 304 - - 94.708 ms
GET /jquery.min.js 304 - - 74.921 ms
GET /bootstrap/js/bootstrap.min.js 304 - - 83.765 ms
GET /lib/user.png 304 - - 43.294 ms
GET /bootstrap/fonts/glyphicons-halflings-regular.woff2 304 - - 52.943 ms
GET /fontawesome/webfonts/fa-solid-900.woff2 304 - - 87.497 ms
GET /bootstrap/css/bootstrap.min.css.map 304 - - 1.845 ms
GET /upload/ 200 5196 - 21.478 ms
GET /bootstrap/css/bootstrap.min.css 304 - - 1.896 ms
GET /fontawesome/css/all.css 304 - - 1.870 ms
GET /layout.css 304 - - 1.696 ms
GET /signin.css 304 - - 1.690 ms
GET /loader.css 304 - - 1.680 ms
GET /jquery.min.js 304 - - 22.546 ms
GET /bootstrap/js/bootstrap.min.js 304 - - 17.330 ms
GET /lib/user.png 304 - - 90.879 ms
GET /fontawesome/webfonts/fa-solid-900.woff2 304 - - 104.276 ms
GET /bootstrap/fonts/glyphicons-halflings-regular.woff2 304 - - 88.595 ms
GET /bootstrap/css/bootstrap.min.css.map 304 - - 1.837 ms
GET /upload/ 200 5213 - 28.736 ms
GET /bootstrap/css/bootstrap.min.css 304 - - 1.882 ms
GET /fontawesome/css/all.css 304 - - 1.925 ms
GET /layout.css 304 - - 1.770 ms
GET /signin.css 304 - - 1.687 ms
GET /loader.css 304 - - 1.943 ms
GET /jquery.min.js 304 - - 4.530 ms
GET /bootstrap/js/bootstrap.min.js 304 - - 1.913 ms
GET /lib/user.png 304 - - 64.171 ms
GET /bootstrap/css/bootstrap.min.css.map 304 - - 2.256 ms
GET /fontawesome/webfonts/fa-solid-900.woff2 304 - - 1.928 ms
GET /bootstrap/fonts/glyphicons-halflings-regular.woff2 304 - - 3.097 ms
POST /upload 302 46 - 292.058 ms
GET / 200 15397 - 67.619 ms
GET /bootstrap/css/bootstrap.min.css 304 - - 1.959 ms
GET /fontawesome/css/all.css 304 - - 1.897 ms
GET /layout.css 304 - - 5.959 ms
GET /loader.css 304 - - 1.865 ms
GET /jquery.min.js 304 - - 4.642 ms
GET /bootstrap/js/bootstrap.min.js 304 - - 1.867 ms
GET /push.js 304 - - 1.693 ms
GET /socket.io.js 304 - - 1.714 ms
GET /blur.css 304 - - 13.283 ms
GET /blur.js 304 - - 10.741 ms
GET /lib/user.png 304 - - 62.585 ms
GET /upload/1525189909-61450.png 304 - - 58.320 ms
GET /upload/pudding.png 304 - - 1.781 ms
GET /upload/mobile.png 200 37861 - 2.696 ms
GET /social-instagram-w.png 304 - - 1.714 ms
GET /pinterest.png 304 - - 1.706 ms
GET /twitter.png 304 - - 2.068 ms
GET /tumblr.png 304 - - 17.939 ms
GET /facebook.png 304 - - 1.652 ms
GET /reddit.png 304 - - 1.766 ms
GET /social-youtube-w.png 304 - - 1.753 ms
GET /stumbleupon.png 304 - - 1.669 ms
GET /linkedin.png 304 - - 1.759 ms
GET /google.png 304 - - 1.691 ms
GET /socket.io.js.map 404 155 - 2.698 ms
GET /bootstrap/css/bootstrap.min.css.map 304 - - 2.018 ms
GET /lib/user.png 304 - - 1.896 ms
GET /fonts/HALO____.TTF 304 - - 64.637 ms
GET /fontawesome/webfonts/fa-solid-900.woff2 304 - - 64.786 ms
GET /bootstrap/fonts/glyphicons-halflings-regular.woff2 304 - - 50.020 ms
GET /fonts/Precious.ttf 304 - - 55.014 ms
GET / 200 4052 - 191.394 ms
GET /bootstrap/css/bootstrap.min.css 304 - - 38.488 ms
GET /fontawesome/css/all.css 304 - - 15.602 ms
GET /layout.css 304 - - 15.482 ms
GET /social-instagram-w.png 304 - - 2.045 ms
GET /social-twitter-w.png 304 - - 1.962 ms
GET /social-facebook-w.png 304 - - 1.917 ms
GET /social-slack-w.png 304 - - 1.917 ms
GET /social-youtube-w.png 304 - - 1.922 ms
GET /social-linked-in-w.png 304 - - 1.852 ms
GET /fonts/HALO____.TTF 304 - - 71.849 ms
GET /bootstrap/css/bootstrap.min.css.map 304 - - 3.030 ms
POST /auth/login 302 46 - 1132.305 ms
GET / 200 15400 - 184.408 ms
GET /bootstrap/css/bootstrap.min.css 304 - - 2.320 ms
GET /fontawesome/css/all.css 304 - - 2.319 ms
GET /layout.css 304 - - 51.993 ms
GET /loader.css 304 - - 59.052 ms
GET /jquery.min.js 304 - - 70.780 ms
GET /push.js 304 - - 71.406 ms
GET /socket.io.js 304 - - 63.725 ms
GET /bootstrap/js/bootstrap.min.js 304 - - 102.670 ms
GET /blur.css 304 - - 57.447 ms
GET /blur.js 304 - - 23.945 ms
GET /lib/user.png 304 - - 2.107 ms
GET /upload/1525189909-61450.png 304 - - 2.023 ms
GET /upload/pudding.png 304 - - 1.961 ms
GET /upload/mobile.png 304 - - 2.007 ms
GET /social-instagram-w.png 304 - - 50.925 ms
GET /pinterest.png 304 - - 54.382 ms
GET /twitter.png 304 - - 41.915 ms
GET /tumblr.png 304 - - 44.183 ms
GET /facebook.png 304 - - 32.644 ms
GET /reddit.png 304 - - 55.025 ms
GET /social-youtube-w.png 304 - - 46.581 ms
GET /stumbleupon.png 304 - - 46.941 ms
GET /linkedin.png 304 - - 69.134 ms
GET /google.png 304 - - 50.514 ms
GET /socket.io.js.map 404 155 - 24.091 ms
GET /bootstrap/css/bootstrap.min.css.map 304 - - 2.417 ms
GET /fonts/HALO____.TTF 304 - - 2.007 ms
GET /fontawesome/webfonts/fa-solid-900.woff2 304 - - 72.202 ms
GET /bootstrap/fonts/glyphicons-halflings-regular.woff2 304 - - 55.496 ms
GET /fonts/Precious.ttf 304 - - 49.731 ms
GET /lib/user.png 304 - - 119.836 ms
GET /upload 301 171 - 13.226 ms
GET /upload/ 200 5225 - 98.990 ms
GET /bootstrap/css/bootstrap.min.css 304 - - 3.002 ms
GET /fontawesome/css/all.css 304 - - 97.612 ms
GET /layout.css 304 - - 83.562 ms
GET /signin.css 304 - - 80.116 ms
GET /loader.css 304 - - 86.086 ms
GET /jquery.min.js 304 - - 115.582 ms
GET /bootstrap/js/bootstrap.min.js 304 - - 110.893 ms
GET /lib/user.png 304 - - 70.818 ms
GET /bootstrap/fonts/glyphicons-halflings-regular.woff2 304 - - 79.460 ms
GET /fontawesome/webfonts/fa-solid-900.woff2 304 - - 103.750 ms
GET /bootstrap/css/bootstrap.min.css.map 304 - - 71.744 ms
GET /upload/ 200 5152 - 33.018 ms
GET /bootstrap/css/bootstrap.min.css 304 - - 2.371 ms
GET /fontawesome/css/all.css 304 - - 2.154 ms
GET /layout.css 304 - - 1.992 ms
GET /signin.css 304 - - 1.978 ms
GET /loader.css 304 - - 24.130 ms
GET /jquery.min.js 304 - - 37.092 ms
GET /bootstrap/js/bootstrap.min.js 304 - - 36.467 ms
GET /lib/user.png 304 - - 49.804 ms
GET /fontawesome/webfonts/fa-solid-900.woff2 304 - - 21.426 ms
GET /bootstrap/fonts/glyphicons-halflings-regular.woff2 304 - - 3.668 ms
GET /bootstrap/css/bootstrap.min.css.map 304 - - 2.138 ms
POST /upload 302 46 - 377.772 ms
GET / 200 17202 - 143.217 ms
GET /bootstrap/css/bootstrap.min.css 304 - - 2.262 ms
GET /fontawesome/css/all.css 304 - - 2.177 ms
GET /layout.css 304 - - 1.993 ms
GET /loader.css 304 - - 8.619 ms
GET /jquery.min.js 304 - - 1.978 ms
GET /bootstrap/js/bootstrap.min.js 304 - - 2.051 ms
GET /socket.io.js 304 - - 6.654 ms
GET /push.js 304 - - 67.119 ms
GET /blur.css 304 - - 39.848 ms
GET /blur.js 304 - - 39.178 ms
GET /lib/user.png 304 - - 2.332 ms
GET /upload/1525189909-61450.png 304 - - 2.313 ms
GET /upload/pudding.png 304 - - 1.953 ms
GET /upload/mobile.png 304 - - 2.043 ms
GET /upload/author.JPG 200 391653 - 4.094 ms
GET /social-instagram-w.png 304 - - 2.025 ms
GET /pinterest.png 304 - - 1.925 ms
GET /twitter.png 304 - - 1.990 ms
GET /tumblr.png 304 - - 3.904 ms
GET /facebook.png 304 - - 2.280 ms
GET /reddit.png 304 - - 2.034 ms
GET /social-youtube-w.png 304 - - 2.033 ms
GET /stumbleupon.png 304 - - 1.919 ms
GET /linkedin.png 304 - - 2.018 ms
GET /google.png 304 - - 1.977 ms
GET /socket.io.js.map 404 155 - 3.208 ms
GET /bootstrap/css/bootstrap.min.css.map 304 - - 2.512 ms
GET /lib/user.png 304 - - 2.088 ms
GET /fonts/HALO____.TTF 304 - - 74.675 ms
GET /fontawesome/webfonts/fa-solid-900.woff2 304 - - 79.601 ms
GET /bootstrap/fonts/glyphicons-halflings-regular.woff2 304 - - 99.009 ms
GET /fonts/Precious.ttf 304 - - 55.122 ms
GET / 200 17204 - 196.164 ms
GET /bootstrap/css/bootstrap.min.css 304 - - 87.682 ms
GET /layout.css 304 - - 54.623 ms
GET /fontawesome/css/all.css 304 - - 87.750 ms
GET /loader.css 304 - - 57.002 ms
GET /jquery.min.js 304 - - 80.304 ms
GET /blur.css 304 - - 54.573 ms
GET /bootstrap/js/bootstrap.min.js 304 - - 71.210 ms
GET /push.js 304 - - 86.285 ms
GET /socket.io.js 304 - - 85.673 ms
GET /blur.js 304 - - 77.941 ms
GET /lib/user.png 304 - - 64.143 ms
GET /upload/1525189909-61450.png 304 - - 53.748 ms
GET /upload/pudding.png 304 - - 4.888 ms
GET /upload/mobile.png 304 - - 1.930 ms
GET /upload/author.JPG 304 - - 2.051 ms
GET /social-instagram-w.png 304 - - 1.904 ms
GET /pinterest.png 304 - - 4.576 ms
GET /twitter.png 304 - - 1.851 ms
GET /tumblr.png 304 - - 10.457 ms
GET /facebook.png 304 - - 1.880 ms
GET /reddit.png 304 - - 1.930 ms
GET /social-youtube-w.png 304 - - 4.429 ms
GET /stumbleupon.png 304 - - 1.943 ms
GET /linkedin.png 304 - - 1.879 ms
GET /google.png 304 - - 1.944 ms
GET /lib/user.png 304 - - 71.863 ms
GET /lib/user.png 304 - - 58.335 ms
GET /fonts/HALO____.TTF 304 - - 2.024 ms
GET /fontawesome/webfonts/fa-solid-900.woff2 304 - - 2.187 ms
GET /bootstrap/fonts/glyphicons-halflings-regular.woff2 304 - - 2.164 ms
GET /fonts/Precious.ttf 304 - - 1.988 ms
GET / 200 17208 - 414.990 ms
GET /bootstrap/css/bootstrap.min.css 304 - - 41.594 ms
GET /layout.css 304 - - 47.995 ms
GET /loader.css 304 - - 48.786 ms
GET /fontawesome/css/all.css 304 - - 63.585 ms
GET /jquery.min.js 304 - - 71.364 ms
GET /bootstrap/js/bootstrap.min.js 304 - - 86.714 ms
GET /blur.css 304 - - 78.802 ms
GET /push.js 304 - - 54.969 ms
GET /socket.io.js 304 - - 72.086 ms
GET /blur.js 304 - - 71.478 ms
GET /lib/user.png 304 - - 62.451 ms
GET /upload/pudding.png 304 - - 58.742 ms
GET /upload/1525189909-61450.png 304 - - 76.102 ms
GET /upload/mobile.png 304 - - 76.052 ms
GET /upload/author.JPG 304 - - 74.261 ms
GET /social-instagram-w.png 304 - - 84.679 ms
GET /pinterest.png 304 - - 81.518 ms
GET /twitter.png 304 - - 49.226 ms
GET /tumblr.png 304 - - 48.070 ms
GET /facebook.png 304 - - 65.453 ms
GET /reddit.png 304 - - 67.019 ms
GET /social-youtube-w.png 304 - - 104.183 ms
GET /stumbleupon.png 304 - - 103.749 ms
GET /linkedin.png 304 - - 1.833 ms
GET /google.png 304 - - 1.886 ms
GET /lib/user.png 304 - - 40.908 ms
GET /fonts/HALO____.TTF 304 - - 64.993 ms
GET /fontawesome/webfonts/fa-solid-900.woff2 304 - - 72.965 ms
GET /bootstrap/fonts/glyphicons-halflings-regular.woff2 304 - - 63.130 ms
GET /fonts/Precious.ttf 304 - - 54.479 ms
GET / 200 17209 - 107.089 ms
GET /bootstrap/css/bootstrap.min.css 304 - - 2.095 ms
GET /fontawesome/css/all.css 304 - - 2.030 ms
GET /layout.css 304 - - 1.874 ms
GET /loader.css 304 - - 112.845 ms
GET /jquery.min.js 304 - - 96.373 ms
GET /bootstrap/js/bootstrap.min.js 304 - - 111.575 ms
GET /push.js 304 - - 80.585 ms
GET /socket.io.js 304 - - 79.817 ms
GET /blur.css 304 - - 85.048 ms
GET /blur.js 304 - - 51.034 ms
GET /lib/user.png 304 - - 58.936 ms
GET /upload/1525189909-61450.png 304 - - 61.846 ms
GET /upload/pudding.png 304 - - 58.577 ms
GET /upload/mobile.png 304 - - 61.176 ms
GET /upload/author.JPG 304 - - 53.249 ms
GET /social-instagram-w.png 304 - - 32.551 ms
GET /pinterest.png 304 - - 1.903 ms
GET /twitter.png 304 - - 2.297 ms
GET /tumblr.png 304 - - 1.869 ms
GET /facebook.png 304 - - 1.939 ms
GET /reddit.png 304 - - 1.910 ms
GET /social-youtube-w.png 304 - - 1.926 ms
GET /stumbleupon.png 304 - - 2.326 ms
GET /linkedin.png 304 - - 1.893 ms
GET /google.png 304 - - 1.811 ms
GET /lib/user.png 304 - - 3.228 ms
GET /fonts/HALO____.TTF 304 - - 2.064 ms
GET /fontawesome/webfonts/fa-solid-900.woff2 304 - - 2.188 ms
GET /fonts/Precious.ttf 304 - - 40.157 ms
GET /bootstrap/fonts/glyphicons-halflings-regular.woff2 304 - - 55.192 ms
GET / 200 17211 - 137.907 ms
GET /bootstrap/css/bootstrap.min.css 304 - - 2.246 ms
GET /fontawesome/css/all.css 304 - - 9.977 ms
GET /jquery.min.js 304 - - 1.908 ms
GET /layout.css 304 - - 1.926 ms
GET /loader.css 304 - - 48.674 ms
GET /bootstrap/js/bootstrap.min.js 304 - - 45.309 ms
GET /push.js 304 - - 44.661 ms
GET /socket.io.js 304 - - 34.552 ms
GET /blur.css 304 - - 30.994 ms
GET /blur.js 304 - - 30.529 ms
GET /lib/user.png 304 - - 2.032 ms
GET /upload/1525189909-61450.png 304 - - 30.845 ms
GET /upload/pudding.png 304 - - 25.750 ms
GET /upload/mobile.png 304 - - 45.100 ms
GET /upload/author.JPG 304 - - 55.393 ms
GET /social-instagram-w.png 304 - - 54.528 ms
GET /pinterest.png 304 - - 57.803 ms
GET /twitter.png 304 - - 19.576 ms
GET /tumblr.png 304 - - 1.746 ms
GET /facebook.png 304 - - 1.899 ms
GET /reddit.png 304 - - 2.089 ms
GET /social-youtube-w.png 304 - - 1.875 ms
GET /stumbleupon.png 304 - - 1.851 ms
GET /linkedin.png 304 - - 1.830 ms
GET /google.png 304 - - 1.770 ms
GET /lib/user.png 304 - - 1.879 ms
GET /fonts/HALO____.TTF 304 - - 4.538 ms
GET /fontawesome/webfonts/fa-solid-900.woff2 304 - - 3.842 ms
GET /bootstrap/fonts/glyphicons-halflings-regular.woff2 304 - - 2.144 ms
GET /fonts/Precious.ttf 304 - - 24.828 ms
GET / 200 17209 - 82.543 ms
GET /bootstrap/css/bootstrap.min.css 304 - - 2.025 ms
GET /fontawesome/css/all.css 304 - - 1.990 ms
GET /layout.css 304 - - 3.532 ms
GET /loader.css 304 - - 27.944 ms
GET /jquery.min.js 304 - - 27.430 ms
GET /bootstrap/js/bootstrap.min.js 304 - - 26.883 ms
GET /push.js 304 - - 51.827 ms
GET /socket.io.js 304 - - 53.002 ms
GET /blur.css 304 - - 48.906 ms
GET /blur.js 304 - - 45.892 ms
GET /lib/user.png 304 - - 74.088 ms
GET /upload/1525189909-61450.png 304 - - 1.915 ms
GET /upload/pudding.png 304 - - 3.797 ms
GET /upload/mobile.png 304 - - 1.832 ms
GET /upload/author.JPG 304 - - 1.895 ms
GET /social-instagram-w.png 304 - - 1.853 ms
GET /pinterest.png 304 - - 4.416 ms
GET /twitter.png 304 - - 1.874 ms
GET /tumblr.png 304 - - 2.030 ms
GET /facebook.png 304 - - 2.024 ms
GET /reddit.png 304 - - 1.788 ms
GET /social-youtube-w.png 304 - - 1.894 ms
GET /stumbleupon.png 304 - - 1.843 ms
GET /linkedin.png 304 - - 1.900 ms
GET /google.png 304 - - 3.629 ms
GET /lib/user.png 304 - - 1.881 ms
GET /fonts/HALO____.TTF 304 - - 2.957 ms
GET /bootstrap/fonts/glyphicons-halflings-regular.woff2 304 - - 79.575 ms
GET /fontawesome/webfonts/fa-solid-900.woff2 304 - - 101.872 ms
GET /fonts/Precious.ttf 304 - - 60.598 ms
GET /auth/logout 302 46 - 3.282 ms
GET / 200 4052 - 42.715 ms
GET /bootstrap/css/bootstrap.min.css 304 - - 71.500 ms
GET /fontawesome/css/all.css 304 - - 82.460 ms
GET /layout.css 304 - - 54.014 ms
GET /social-instagram-w.png 304 - - 46.649 ms
GET /social-twitter-w.png 304 - - 52.856 ms
GET /social-facebook-w.png 304 - - 47.116 ms
GET /social-slack-w.png 304 - - 53.907 ms
GET /social-youtube-w.png 304 - - 54.433 ms
GET /social-linked-in-w.png 304 - - 50.797 ms
GET /fonts/HALO____.TTF 304 - - 34.355 ms
POST /auth/login 302 46 - 842.958 ms
GET / 200 17209 - 73.657 ms
GET /bootstrap/css/bootstrap.min.css 304 - - 2.001 ms
GET /fontawesome/css/all.css 304 - - 1.874 ms
GET /layout.css 304 - - 1.816 ms
GET /loader.css 304 - - 6.579 ms
GET /jquery.min.js 304 - - 41.609 ms
GET /bootstrap/js/bootstrap.min.js 304 - - 49.773 ms
GET /push.js 304 - - 49.195 ms
GET /socket.io.js 304 - - 48.662 ms
GET /blur.css 304 - - 48.141 ms
GET /blur.js 304 - - 26.786 ms
GET /lib/user.png 304 - - 66.393 ms
GET /upload/1525189909-61450.png 304 - - 64.855 ms
GET /upload/pudding.png 304 - - 64.137 ms
GET /upload/mobile.png 304 - - 61.037 ms
GET /upload/author.JPG 304 - - 54.242 ms
GET /social-instagram-w.png 304 - - 48.291 ms
GET /pinterest.png 304 - - 62.630 ms
GET /twitter.png 304 - - 5.496 ms
GET /tumblr.png 304 - - 5.878 ms
GET /facebook.png 304 - - 10.604 ms
GET /reddit.png 304 - - 9.268 ms
GET /social-youtube-w.png 304 - - 1.769 ms
GET /stumbleupon.png 304 - - 1.864 ms
GET /linkedin.png 304 - - 1.785 ms
GET /google.png 304 - - 2.347 ms
GET /lib/user.png 304 - - 1.676 ms
GET /fonts/HALO____.TTF 304 - - 1.888 ms
GET /bootstrap/fonts/glyphicons-halflings-regular.woff2 304 - - 1.979 ms
GET /fonts/Precious.ttf 304 - - 2.642 ms
GET /logs 500 1598 - 128.545 ms
GET /logs 500 1598 - 72.714 ms
GET /logs 500 1598 - 28.021 ms
GET /logs - - - - ms
GET /logs 200 283 - 189.063 ms
GET /prismDark.css 404 152 - 34.247 ms
GET /prismDark.js 404 151 - 12.959 ms
GET /logs 304 - - 243.727 ms
GET /prismDark.css 404 152 - 46.584 ms
GET /prismDark.js 404 151 - 7.744 ms
GET /logs 304 - - 203.840 ms
GET /prismDark.css 404 152 - 37.503 ms
GET /prismDark.js 404 151 - 8.661 ms
GET /logs 200 19508 - 177.055 ms
GET /prismDark.css 404 152 - 41.948 ms
GET /prismDark.js 404 151 - 11.972 ms
GET /prismDark.css 404 152 - 54.261 ms
GET /prismDark.js 404 151 - 2.112 ms
GET /logs 200 19686 - 47.161 ms
GET /prism.css 200 4476 - 62.775 ms
GET /prism.js 200 283656 - 85.428 ms
GET / 200 4052 - 57.151 ms
GET /fontawesome/css/all.css 304 - - 3.788 ms
GET /layout.css 304 - - 45.654 ms
GET /bootstrap/css/bootstrap.min.css 304 - - 94.664 ms
GET /social-instagram-w.png 304 - - 50.311 ms
GET /social-twitter-w.png 304 - - 47.539 ms
GET /social-facebook-w.png 304 - - 46.522 ms
GET /social-slack-w.png 304 - - 47.794 ms
GET /social-youtube-w.png 304 - - 24.962 ms
GET /social-linked-in-w.png 304 - - 2.020 ms
GET /fonts/HALO____.TTF 304 - - 2.211 ms
POST /auth/login 302 46 - 1092.479 ms
GET / 200 17211 - 199.694 ms
GET /bootstrap/css/bootstrap.min.css 304 - - 2.925 ms
GET /fontawesome/css/all.css 304 - - 2.362 ms
GET /layout.css 304 - - 1.887 ms
GET /jquery.min.js 304 - - 2.557 ms
GET /blur.css 304 - - 34.606 ms
GET /socket.io.js 304 - - 54.890 ms
GET /push.js 304 - - 60.472 ms
GET /bootstrap/js/bootstrap.min.js 304 - - 67.951 ms
GET /loader.css 304 - - 51.884 ms
GET /blur.js 304 - - 54.318 ms
GET /lib/user.png 304 - - 43.149 ms
GET /upload/1525189909-61450.png 304 - - 59.283 ms
GET /upload/pudding.png 304 - - 51.287 ms
GET /upload/mobile.png 304 - - 67.043 ms
GET /upload/author.JPG 304 - - 75.502 ms
GET /social-instagram-w.png 304 - - 41.954 ms
GET /pinterest.png 304 - - 7.413 ms
GET /twitter.png 304 - - 3.237 ms
GET /tumblr.png 304 - - 25.059 ms
GET /social-youtube-w.png 304 - - 37.149 ms
GET /lib/user.png 304 - - 31.735 ms
GET /facebook.png 304 - - 2.975 ms
GET /fonts/HALO____.TTF 304 - - 2.185 ms
GET /reddit.png 304 - - 2.022 ms
GET /bootstrap/fonts/glyphicons-halflings-regular.woff2 304 - - 2.663 ms
GET /google.png 304 - - 5.111 ms
GET /stumbleupon.png 304 - - 16.173 ms
GET /linkedin.png 304 - - 30.709 ms
GET /fonts/Precious.ttf 304 - - 20.004 ms
GET /fontawesome/webfonts/fa-solid-900.woff2 304 - - 2.781 ms
GET /upload 301 171 - 9.574 ms
GET /upload/ 304 - - 52.020 ms
GET /bootstrap/css/bootstrap.min.css 304 - - 2.129 ms
GET /fontawesome/css/all.css 304 - - 2.162 ms
GET /signin.css 304 - - 2.000 ms
GET /layout.css 304 - - 11.569 ms
GET /loader.css 304 - - 3.922 ms
GET /jquery.min.js 304 - - 30.093 ms
GET /bootstrap/js/bootstrap.min.js 304 - - 19.699 ms
GET /lib/user.png 304 - - 10.185 ms
GET /bootstrap/fonts/glyphicons-halflings-regular.woff2 304 - - 97.260 ms
GET /bootstrap/css/bootstrap.min.css 304 - - 3.461 ms
GET /fontawesome/css/all.css 304 - - 3.112 ms
GET /layout.css 304 - - 1.874 ms
GET /signin.css 304 - - 29.892 ms
GET /loader.css 304 - - 14.152 ms
GET /bootstrap/css/bootstrap.min.css.map 304 - - 2.420 ms
POST /upload 302 46 - 334.388 ms
GET / 200 19012 - 153.299 ms
GET /bootstrap/css/bootstrap.min.css 304 - - 2.328 ms
GET /fontawesome/css/all.css 304 - - 79.146 ms
GET /layout.css 304 - - 81.213 ms
GET /loader.css 304 - - 74.613 ms
GET /jquery.min.js 304 - - 68.620 ms
GET /push.js 304 - - 67.334 ms
GET /socket.io.js 304 - - 69.089 ms
GET /bootstrap/js/bootstrap.min.js 304 - - 107.959 ms
GET /blur.css 304 - - 78.518 ms
GET /blur.js 304 - - 55.856 ms
GET /lib/user.png 304 - - 2.168 ms
GET /upload/1525189909-61450.png 304 - - 2.111 ms
GET /upload/pudding.png 304 - - 1.862 ms
GET /upload/mobile.png 304 - - 1.999 ms
GET /upload/author.JPG 200 391653 - 3.037 ms
GET /social-instagram-w.png 304 - - 1.998 ms
GET /pinterest.png 304 - - 1.962 ms
GET /twitter.png 304 - - 1.917 ms
GET /tumblr.png 304 - - 2.091 ms
GET /facebook.png 304 - - 1.912 ms
GET /reddit.png 304 - - 1.909 ms
GET /social-youtube-w.png 304 - - 48.105 ms
GET /stumbleupon.png 304 - - 46.069 ms
GET /linkedin.png 304 - - 46.179 ms
GET /google.png 304 - - 46.584 ms
GET /socket.io.js.map 404 155 - 3.405 ms
GET /bootstrap/css/bootstrap.min.css.map 304 - - 2.195 ms
GET /lib/user.png 304 - - 4.851 ms
GET /fonts/HALO____.TTF 304 - - 62.977 ms
GET /fontawesome/webfonts/fa-solid-900.woff2 304 - - 95.787 ms
GET /bootstrap/fonts/glyphicons-halflings-regular.woff2 304 - - 72.346 ms
GET /fonts/Precious.ttf 304 - - 63.551 ms
GET /chat 200 6551 - 174.574 ms
GET /bootstrap/css/bootstrap.min.css 304 - - 2.122 ms
GET /fontawesome/css/all.css 304 - - 2.688 ms
GET /layout.css 304 - - 2.593 ms
GET /signin.css 304 - - 2.500 ms
GET /loader.css 304 - - 42.430 ms
GET /jquery.min.js 304 - - 36.213 ms
GET /bootstrap/js/bootstrap.min.js 304 - - 35.457 ms
GET /socket.io.js 304 - - 1.932 ms
GET /lib/user.png 304 - - 1.939 ms
GET /fontawesome/webfonts/fa-solid-900.woff2 304 - - 91.419 ms
GET /bootstrap/css/bootstrap.min.css.map 304 - - 2.114 ms
GET /socket.io.js.map 404 155 - 13.981 ms
GET / 200 19016 - 167.410 ms
GET /bootstrap/css/bootstrap.min.css 304 - - 67.712 ms
GET /layout.css 304 - - 49.163 ms
GET /loader.css 304 - - 57.826 ms
GET /jquery.min.js 304 - - 78.785 ms
GET /fontawesome/css/all.css 304 - - 95.436 ms
GET /blur.css 304 - - 77.676 ms
GET /bootstrap/js/bootstrap.min.js 304 - - 119.629 ms
GET /push.js 304 - - 73.721 ms
GET /socket.io.js 304 - - 63.767 ms
GET /blur.js 304 - - 54.066 ms
GET /lib/user.png 304 - - 62.532 ms
GET /upload/1525189909-61450.png 304 - - 62.729 ms
GET /upload/pudding.png 304 - - 56.420 ms
GET /upload/mobile.png 304 - - 2.024 ms
GET /upload/author.JPG 304 - - 1.939 ms
GET /social-instagram-w.png 304 - - 1.945 ms
GET /pinterest.png 304 - - 3.642 ms
GET /twitter.png 304 - - 2.221 ms
GET /tumblr.png 304 - - 9.136 ms
GET /facebook.png 304 - - 7.263 ms
GET /reddit.png 304 - - 1.846 ms
GET /social-youtube-w.png 304 - - 1.954 ms
GET /stumbleupon.png 304 - - 1.893 ms
GET /linkedin.png 304 - - 1.887 ms
GET /google.png 304 - - 1.987 ms
GET /lib/user.png 304 - - 2.003 ms
GET /socket.io.js.map 404 155 - 2.010 ms
GET /lib/user.png 304 - - 2.077 ms
GET /fonts/HALO____.TTF 304 - - 63.374 ms
GET /fontawesome/webfonts/fa-solid-900.woff2 304 - - 83.958 ms
GET /bootstrap/fonts/glyphicons-halflings-regular.woff2 304 - - 84.866 ms
GET /fonts/Precious.ttf 304 - - 67.922 ms
GET /bootstrap/css/bootstrap.min.css.map 304 - - 2.353 ms
GET /auth/logout 302 46 - 3.376 ms
GET / 200 4052 - 39.391 ms
GET /bootstrap/css/bootstrap.min.css 304 - - 2.308 ms
GET /fontawesome/css/all.css 304 - - 2.089 ms
GET /layout.css 304 - - 26.999 ms
GET /social-instagram-w.png 304 - - 2.042 ms
GET /social-twitter-w.png 304 - - 1.873 ms
GET /social-facebook-w.png 304 - - 1.948 ms
GET /social-slack-w.png 304 - - 1.925 ms
GET /social-youtube-w.png 304 - - 1.891 ms
GET /social-linked-in-w.png 304 - - 19.276 ms
GET /fonts/HALO____.TTF 304 - - 79.023 ms
GET /bootstrap/css/bootstrap.min.css.map 304 - - 2.304 ms
GET / 304 - - 443.100 ms
GET /bootstrap/css/bootstrap.min.css 304 - - 38.939 ms
GET /fontawesome/css/all.css 304 - - 12.315 ms
GET /layout.css 304 - - 7.712 ms
GET /social-instagram-w.png 304 - - 1.950 ms
GET /social-twitter-w.png 304 - - 1.828 ms
GET /social-facebook-w.png 304 - - 1.959 ms
GET /social-slack-w.png 304 - - 2.068 ms
GET /social-youtube-w.png 304 - - 1.915 ms
GET /social-linked-in-w.png 304 - - 1.815 ms
GET /fonts/HALO____.TTF 304 - - 67.233 ms
GET /learn 200 55 - 14.450 ms
GET /code 404 143 - 102.560 ms
GET /favicon.ico 404 150 - 23.410 ms
GET /learn 200 502 - 131.303 ms
GET /lang/nodejs.png 404 154 - 2.256 ms
GET /code/node 404 148 - 8.312 ms
GET /learn 200 935 - 33.179 ms
GET /bootstrap/js/bootstrap.min.js 304 - - 17.416 ms
GET /jquery.min.js 304 - - 11.343 ms
GET /bootstrap/css/bootstrap.min.css 304 - - 23.730 ms
GET /fontawesome/css/all.css 304 - - 18.347 ms
GET /socket.io.js 304 - - 1.921 ms
GET /lang/nodejs.png 404 154 - 2.785 ms
GET /fontawesome/webfonts/fa-solid-900.woff2 304 - - 111.043 ms
GET /learn 200 962 - 19.077 ms
GET /bootstrap/css/bootstrap.min.css 304 - - 51.509 ms
GET /fontawesome/css/all.css 304 - - 59.199 ms
GET /lang/nodejs.png 404 154 - 46.723 ms
GET /jquery.min.js 304 - - 53.102 ms
GET /socket.io.js 304 - - 53.515 ms
GET /bootstrap/js/bootstrap.min.js 304 - - 80.172 ms
GET /fontawesome/webfonts/fa-solid-900.woff2 304 - - 2.295 ms
GET /learn 200 969 - 17.898 ms
GET /bootstrap/css/bootstrap.min.css 304 - - 2.349 ms
GET /fontawesome/css/all.css 304 - - 22.338 ms
GET /jquery.min.js 304 - - 22.238 ms
GET /bootstrap/js/bootstrap.min.js 304 - - 25.034 ms
GET /socket.io.js 304 - - 1.864 ms
GET /lang/nodejs.png 404 154 - 1.989 ms
GET /fontawesome/webfonts/fa-solid-900.woff2 304 - - 16.485 ms
GET /bootstrap/css/bootstrap.min.css 304 - - 110.740 ms
GET /fontawesome/css/all.css 304 - - 100.301 ms
GET /bootstrap/css/bootstrap.min.css.map 304 - - 2.612 ms
GET /learn 200 972 - 32.020 ms
GET /bootstrap/css/bootstrap.min.css 304 - - 5.594 ms
GET /fontawesome/css/all.css 304 - - 2.037 ms
GET /jquery.min.js 304 - - 1.881 ms
GET /bootstrap/js/bootstrap.min.js 304 - - 2.007 ms
GET /socket.io.js 304 - - 1.941 ms
GET /lang/nodejs.png 404 154 - 1.927 ms
GET /fontawesome/webfonts/fa-solid-900.woff2 304 - - 93.062 ms
GET /socket.io.js.map 404 155 - 3.745 ms
GET /bootstrap/css/bootstrap.min.css.map 304 - - 2.087 ms
GET /learn 200 972 - 47.569 ms
GET /bootstrap/css/bootstrap.min.css 304 - - 5.304 ms
GET /fontawesome/css/all.css 304 - - 5.314 ms
GET /jquery.min.js 304 - - 2.471 ms
GET /bootstrap/js/bootstrap.min.js 304 - - 1.908 ms
GET /socket.io.js 304 - - 1.853 ms
GET /lang/nodejs.png 404 154 - 5.339 ms
GET /socket.io.js.map 404 155 - 3.163 ms
GET /fontawesome/webfonts/fa-solid-900.woff2 304 - - 79.118 ms
GET /bootstrap/css/bootstrap.min.css.map 304 - - 1.952 ms
GET /learn 304 - - 108.621 ms
GET /bootstrap/css/bootstrap.min.css 304 - - 2.204 ms
GET /fontawesome/css/all.css 304 - - 2.126 ms
GET /jquery.min.js 304 - - 1.833 ms
GET /bootstrap/js/bootstrap.min.js 304 - - 2.109 ms
GET /socket.io.js 304 - - 1.946 ms
GET /lang/nodejs.png 404 154 - 2.093 ms
GET /socket.io.js.map 404 155 - 4.669 ms
GET /fontawesome/webfonts/fa-solid-900.woff2 304 - - 2.243 ms
GET /bootstrap/css/bootstrap.min.css.map 304 - - 2.039 ms
GET /learn 304 - - 58.914 ms
GET /bootstrap/css/bootstrap.min.css 304 - - 2.199 ms
GET /fontawesome/css/all.css 304 - - 2.179 ms
GET /socket.io.js 304 - - 98.712 ms
GET /bootstrap/js/bootstrap.min.js 304 - - 108.665 ms
GET /jquery.min.js 304 - - 110.350 ms
GET /lang/nodejs.png 200 195848 - 65.980 ms
GET /socket.io.js.map 404 155 - 9.482 ms
GET /fontawesome/webfonts/fa-solid-900.woff2 304 - - 2.560 ms
GET /bootstrap/css/bootstrap.min.css.map 304 - - 2.388 ms
GET /learn 200 1014 - 43.059 ms
GET /bootstrap/css/bootstrap.min.css 304 - - 2.193 ms
GET /fontawesome/css/all.css 304 - - 2.140 ms
GET /jquery.min.js 304 - - 1.879 ms
GET /bootstrap/js/bootstrap.min.js 304 - - 5.206 ms
GET /layout.css 304 - - 22.919 ms
GET /socket.io.js 304 - - 21.178 ms
GET /lang/nodejs.png 304 - - 2.168 ms
GET /socket.io.js.map 404 155 - 2.529 ms
GET /bootstrap/css/bootstrap.min.css.map 304 - - 9.327 ms
GET /fontawesome/webfonts/fa-solid-900.woff2 304 - - 2.107 ms
GET /bootstrap/css/bootstrap.min.css 304 - - 2.331 ms
GET /fontawesome/css/all.css 304 - - 3.042 ms
GET /layout.css 304 - - 8.139 ms
GET /socket.io.js.map 404 155 - 4.792 ms
GET /bootstrap/css/bootstrap.min.css.map 304 - - 2.299 ms
GET /learn 200 1457 - 12.623 ms
GET /bootstrap/css/bootstrap.min.css 304 - - 33.096 ms
GET /fontawesome/css/all.css 304 - - 1.904 ms
GET /layout.css 304 - - 1.848 ms
GET /jquery.min.js 304 - - 1.871 ms
GET /bootstrap/js/bootstrap.min.js 304 - - 21.749 ms
GET /lang/nodejs.png 304 - - 29.712 ms
GET /socket.io.js 304 - - 1.887 ms
GET /lang/python.png 200 5110 - 4.559 ms
GET /fontawesome/webfonts/fa-solid-900.woff2 304 - - 2.143 ms
GET /socket.io.js.map 404 155 - 2.337 ms
GET /bootstrap/css/bootstrap.min.css.map 304 - - 2.091 ms
GET /learn 200 2322 - 215.711 ms
GET /bootstrap/css/bootstrap.min.css 304 - - 52.070 ms
GET /fontawesome/css/all.css 304 - - 20.589 ms
GET /jquery.min.js 304 - - 47.604 ms
GET /bootstrap/js/bootstrap.min.js 304 - - 23.223 ms
GET /layout.css 304 - - 1.901 ms
GET /socket.io.js 304 - - 1.805 ms
GET /lang/nodejs.png 304 - - 1.958 ms
GET /lang/python.png 304 - - 21.064 ms
GET /lang/go.png 404 150 - 56.224 ms
GET /lang/cpp.png 404 151 - 2.277 ms
GET /bootstrap/css/bootstrap.min.css.map 304 - - 2.244 ms
GET /fontawesome/webfonts/fa-solid-900.woff2 304 - - 78.063 ms
GET /socket.io.js.map 404 155 - 3.328 ms
GET /learn/python 500 1843 - 21.192 ms
GET /lang/go.png 404 150 - 2.095 ms
GET /bootstrap/css/bootstrap.min.css.map 304 - - 3.534 ms
GET /socket.io.js.map 404 155 - 4.177 ms
GET /learn 200 2394 - 63.118 ms
GET /bootstrap/css/bootstrap.min.css 304 - - 13.544 ms
GET /fontawesome/css/all.css 304 - - 11.703 ms
GET /layout.css 304 - - 1.920 ms
GET /jquery.min.js 304 - - 2.547 ms
GET /bootstrap/js/bootstrap.min.js 304 - - 2.008 ms
GET /socket.io.js 304 - - 1.930 ms
GET /lang/nodejs.png 304 - - 2.141 ms
GET /lang/python.png 304 - - 1.916 ms
GET /lang/go.png 404 150 - 2.762 ms
GET /lang/cpp.png 404 151 - 2.367 ms
GET /fonts/HALO____.TTF 304 - - 22.052 ms
GET /socket.io.js.map 404 155 - 2.909 ms
GET /fontawesome/webfonts/fa-solid-900.woff2 304 - - 2.212 ms
GET /bootstrap/css/bootstrap.min.css.map 304 - - 2.247 ms
GET /learn 200 2418 - 36.685 ms
GET /bootstrap/css/bootstrap.min.css 304 - - 2.092 ms
GET /fontawesome/css/all.css 304 - - 2.044 ms
GET /layout.css 304 - - 1.933 ms
GET /jquery.min.js 304 - - 1.853 ms
GET /bootstrap/js/bootstrap.min.js 304 - - 2.288 ms
GET /socket.io.js 304 - - 1.911 ms
GET /lang/nodejs.png 304 - - 1.967 ms
GET /lang/python.png 304 - - 1.940 ms
GET /lang/go.png 404 150 - 2.001 ms
GET /lang/cpp.png 404 151 - 2.074 ms
GET /fonts/HALO____.TTF 304 - - 2.084 ms
GET /fontawesome/webfonts/fa-solid-900.woff2 304 - - 2.323 ms
GET /bootstrap/css/bootstrap.min.css.map 304 - - 2.024 ms
GET /socket.io.js.map 404 155 - 2.936 ms
GET /learn 200 2436 - 25.532 ms
GET /bootstrap/css/bootstrap.min.css 304 - - 2.134 ms
GET /fontawesome/css/all.css 304 - - 12.627 ms
GET /layout.css 304 - - 1.825 ms
GET /jquery.min.js 304 - - 2.013 ms
GET /bootstrap/js/bootstrap.min.js 304 - - 2.040 ms
GET /socket.io.js 304 - - 1.900 ms
GET /lang/nodejs.png 304 - - 1.909 ms
GET /lang/python.png 304 - - 1.811 ms
GET /lang/go.png 404 150 - 2.078 ms
GET /lang/cpp.png 404 151 - 2.325 ms
GET /fonts/HALO____.TTF 304 - - 6.465 ms
GET /fontawesome/webfonts/fa-solid-900.woff2 304 - - 2.110 ms
GET /bootstrap/css/bootstrap.min.css.map 304 - - 2.445 ms
GET /socket.io.js.map 404 155 - 14.298 ms
GET /learn 200 2570 - 20.676 ms
GET /bootstrap/css/bootstrap.min.css 304 - - 21.678 ms
GET /fontawesome/css/all.css 304 - - 2.031 ms
GET /layout.css 304 - - 1.793 ms
GET /jquery.min.js 304 - - 1.812 ms
GET /bootstrap/js/bootstrap.min.js 304 - - 2.010 ms
GET /lang/nodejs.png 304 - - 2.051 ms
GET /socket.io.js 304 - - 1.840 ms
GET /lang/python.png 304 - - 1.812 ms
GET /lang/go.png 404 150 - 5.773 ms
GET /lang/cpp.png 404 151 - 2.031 ms
GET /fonts/HALO____.TTF 304 - - 2.794 ms
GET /fontawesome/webfonts/fa-solid-900.woff2 304 - - 2.131 ms
GET /bootstrap/css/bootstrap.min.css.map 304 - - 2.268 ms
GET /socket.io.js.map 404 155 - 25.539 ms
GET /bootstrap/css/bootstrap.min.css 304 - - 3.321 ms
GET /fontawesome/css/all.css 304 - - 1.971 ms
GET /layout.css 304 - - 10.354 ms
GET /socket.io.js.map 404 155 - 3.225 ms
GET /bootstrap/css/bootstrap.min.css.map 304 - - 2.276 ms
GET /learn 200 2583 - 19.985 ms
GET /bootstrap/css/bootstrap.min.css 304 - - 2.322 ms
GET /fontawesome/css/all.css 304 - - 2.104 ms
GET /layout.css 304 - - 1.825 ms
GET /jquery.min.js 304 - - 1.893 ms
GET /bootstrap/js/bootstrap.min.js 304 - - 14.825 ms
GET /socket.io.js 304 - - 2.179 ms
GET /lang/nodejs.png 304 - - 2.023 ms
GET /lang/python.png 304 - - 2.159 ms
GET /lang/go.png 404 150 - 2.051 ms
GET /lang/cpp.png 404 151 - 1.966 ms
GET /fonts/HALO____.TTF 304 - - 21.733 ms
GET /fontawesome/webfonts/fa-solid-900.woff2 304 - - 2.095 ms
GET /bootstrap/css/bootstrap.min.css.map 304 - - 2.255 ms
GET /socket.io.js.map 404 155 - 4.441 ms
GET /lang/nodejs.png 304 - - 2.298 ms
GET /learn 200 2605 - 9.660 ms
GET /bootstrap/css/bootstrap.min.css 304 - - 3.697 ms
GET /fontawesome/css/all.css 304 - - 2.130 ms
GET /layout.css 304 - - 3.599 ms
GET /jquery.min.js 304 - - 37.322 ms
GET /bootstrap/js/bootstrap.min.js 304 - - 16.894 ms
GET /socket.io.js 304 - - 1.857 ms
GET /lang/nodejs.png 304 - - 2.462 ms
GET /lang/python.png 304 - - 1.913 ms
GET /lang/go.png 404 150 - 9.719 ms
GET /lang/cpp.png 404 151 - 2.058 ms
GET /fonts/HALO____.TTF 304 - - 2.175 ms
GET /fontawesome/webfonts/fa-solid-900.woff2 304 - - 2.074 ms
GET /bootstrap/css/bootstrap.min.css.map 304 - - 2.060 ms
GET /socket.io.js.map 404 155 - 3.282 ms
GET /learn 200 2605 - 25.882 ms
GET /bootstrap/css/bootstrap.min.css 304 - - 1.970 ms
GET /fontawesome/css/all.css 304 - - 2.099 ms
GET /layout.css 304 - - 1.919 ms
GET /jquery.min.js 304 - - 1.788 ms
GET /bootstrap/js/bootstrap.min.js 304 - - 1.876 ms
GET /socket.io.js 304 - - 1.856 ms
GET /lang/nodejs.png 304 - - 1.892 ms
GET /lang/python.png 304 - - 1.760 ms
GET /lang/go.png 404 150 - 8.973 ms
GET /lang/cpp.png 404 151 - 1.905 ms
GET /fonts/HALO____.TTF 304 - - 2.402 ms
GET /fontawesome/webfonts/fa-solid-900.woff2 304 - - 2.678 ms
GET /bootstrap/css/bootstrap.min.css.map 304 - - 1.996 ms
GET /socket.io.js.map 404 155 - 3.664 ms
GET /learn 200 2685 - 17.470 ms
GET /bootstrap/css/bootstrap.min.css 304 - - 1.998 ms
GET /fontawesome/css/all.css 304 - - 15.266 ms
GET /layout.css 304 - - 1.816 ms
GET /jquery.min.js 304 - - 1.796 ms
GET /bootstrap/js/bootstrap.min.js 304 - - 1.981 ms
GET /socket.io.js 304 - - 1.844 ms
GET /lang/nodejs.png 304 - - 1.878 ms
GET /lang/python.png 304 - - 1.777 ms
GET /lang/go.png 404 150 - 1.980 ms
GET /lang/cpp.png 404 151 - 2.043 ms
GET /fonts/HALO____.TTF 304 - - 2.080 ms
GET /bootstrap/css/bootstrap.min.css.map 304 - - 1.970 ms
GET /fontawesome/webfonts/fa-solid-900.woff2 304 - - 2.431 ms
GET /socket.io.js.map 404 155 - 4.190 ms
GET /learn 200 2800 - 19.200 ms
GET /bootstrap/css/bootstrap.min.css 304 - - 2.064 ms
GET /fontawesome/css/all.css 304 - - 1.997 ms
GET /layout.css 304 - - 6.096 ms
GET /jquery.min.js 304 - - 18.737 ms
GET /bootstrap/js/bootstrap.min.js 304 - - 18.138 ms
GET /socket.io.js 304 - - 1.859 ms
GET /lang/nodejs.png 304 - - 5.608 ms
GET /lang/python.png 304 - - 1.853 ms
GET /lang/go.png 404 150 - 1.897 ms
GET /lang/cpp.png 404 151 - 1.911 ms
GET /fonts/HALO____.TTF 304 - - 2.020 ms
GET /fontawesome/webfonts/fa-solid-900.woff2 304 - - 2.356 ms
GET /bootstrap/css/bootstrap.min.css.map 304 - - 2.345 ms
GET /socket.io.js.map 404 155 - 45.202 ms
GET /bootstrap/css/bootstrap.min.css 304 - - 2.111 ms
GET /fontawesome/css/all.css 304 - - 1.953 ms
GET /layout.css 304 - - 26.277 ms
GET /socket.io.js.map 404 155 - 2.962 ms
GET /bootstrap/css/bootstrap.min.css.map 304 - - 9.002 ms
GET /learn 200 2804 - 16.060 ms
GET /bootstrap/css/bootstrap.min.css 304 - - 35.297 ms
GET /fontawesome/css/all.css 304 - - 11.337 ms
GET /layout.css 304 - - 1.749 ms
GET /jquery.min.js 304 - - 1.782 ms
GET /bootstrap/js/bootstrap.min.js 304 - - 2.260 ms
GET /socket.io.js 304 - - 1.846 ms
GET /lang/nodejs.png 304 - - 3.283 ms
GET /lang/python.png 304 - - 1.883 ms
GET /lang/go.png 404 150 - 1.969 ms
GET /lang/cpp.png 404 151 - 1.941 ms
GET /fonts/Precious.ttf 304 - - 2.056 ms
GET /bootstrap/css/bootstrap.min.css.map 304 - - 9.244 ms
GET /fontawesome/webfonts/fa-solid-900.woff2 304 - - 44.697 ms
GET /socket.io.js.map 404 155 - 46.598 ms
GET /bootstrap/css/bootstrap.min.css 304 - - 2.141 ms
GET /fontawesome/css/all.css 304 - - 1.978 ms
GET /layout.css 304 - - 12.164 ms
GET /socket.io.js.map 404 155 - 2.982 ms
GET /bootstrap/css/bootstrap.min.css.map 304 - - 2.015 ms
GET /learn/node 200 812 - 73.399 ms
GET /bootstrap/css/bootstrap.min.css 304 - - 2.185 ms
GET /fontawesome/css/all.css 304 - - 2.005 ms
GET /layout.css 304 - - 7.473 ms
GET /jquery.min.js 304 - - 1.863 ms
GET /bootstrap/js/bootstrap.min.js 304 - - 14.114 ms
GET /socket.io.js 304 - - 13.516 ms
GET /socket.io.js.map 404 155 - 2.797 ms
GET /fonts/Precious.ttf 304 - - 74.944 ms
GET /bootstrap/css/bootstrap.min.css.map 304 - - 2.018 ms
GET /learn/node 200 816 - 243.843 ms
GET /bootstrap/css/bootstrap.min.css 304 - - 31.377 ms
GET /fontawesome/css/all.css 304 - - 20.818 ms
GET /layout.css 304 - - 11.004 ms
GET /jquery.min.js 304 - - 22.077 ms
GET /bootstrap/js/bootstrap.min.js 304 - - 37.617 ms
GET /socket.io.js 304 - - 37.398 ms
GET /fonts/Precious.ttf 304 - - 2.416 ms
GET /socket.io.js.map 404 155 - 38.084 ms
GET /bootstrap/css/bootstrap.min.css.map 304 - - 27.372 ms
GET /learn/node 200 812 - 45.426 ms
GET /bootstrap/css/bootstrap.min.css 304 - - 2.015 ms
GET /fontawesome/css/all.css 304 - - 101.012 ms
GET /layout.css 304 - - 86.520 ms
GET /jquery.min.js 304 - - 89.133 ms
GET /bootstrap/js/bootstrap.min.js 304 - - 79.359 ms
GET /socket.io.js 304 - - 67.442 ms
GET /fonts/Precious.ttf 304 - - 8.336 ms
GET /socket.io.js.map 404 155 - 12.748 ms
GET /bootstrap/css/bootstrap.min.css.map 304 - - 4.333 ms
GET /learn/node 200 1713 - 28.645 ms
GET /bootstrap/css/bootstrap.min.css 304 - - 2.283 ms
GET /fontawesome/css/all.css 304 - - 2.127 ms
GET /layout.css 304 - - 1.833 ms
GET /jquery.min.js 304 - - 1.949 ms
GET /bootstrap/js/bootstrap.min.js 304 - - 1.961 ms
GET /socket.io.js 304 - - 2.255 ms
GET /socket.io.js.map 404 155 - 4.319 ms
GET /fonts/Precious.ttf 304 - - 2.245 ms
GET /fontawesome/webfonts/fa-solid-900.woff2 304 - - 2.350 ms
GET /bootstrap/css/bootstrap.min.css.map 304 - - 2.129 ms
GET /learn/node 200 1716 - 23.033 ms
GET /bootstrap/css/bootstrap.min.css 304 - - 2.043 ms
GET /fontawesome/css/all.css 304 - - 2.117 ms
GET /layout.css 304 - - 3.699 ms
GET /jquery.min.js 304 - - 1.906 ms
GET /bootstrap/js/bootstrap.min.js 304 - - 4.874 ms
GET /socket.io.js 304 - - 1.841 ms
GET /socket.io.js.map 404 155 - 2.271 ms
GET /fontawesome/webfonts/fa-solid-900.woff2 304 - - 2.087 ms
GET /fonts/Precious.ttf 304 - - 2.113 ms
GET /bootstrap/css/bootstrap.min.css.map 304 - - 3.064 ms
GET /learn/node 200 1715 - 22.152 ms
GET /bootstrap/css/bootstrap.min.css 304 - - 2.139 ms
GET /fontawesome/css/all.css 304 - - 2.078 ms
GET /layout.css 304 - - 1.905 ms
GET /jquery.min.js 304 - - 40.429 ms
GET /bootstrap/js/bootstrap.min.js 304 - - 39.614 ms
GET /socket.io.js 304 - - 40.804 ms
GET /socket.io.js.map 404 155 - 2.629 ms
GET /fontawesome/webfonts/fa-solid-900.woff2 304 - - 2.264 ms
GET /fonts/Precious.ttf 304 - - 2.280 ms
GET /bootstrap/css/bootstrap.min.css.map 304 - - 2.121 ms
GET /learn/node 200 1709 - 22.980 ms
GET /bootstrap/css/bootstrap.min.css 304 - - 4.892 ms
GET /fontawesome/css/all.css 304 - - 2.117 ms
GET /layout.css 304 - - 2.895 ms
GET /jquery.min.js 304 - - 3.181 ms
GET /bootstrap/js/bootstrap.min.js 304 - - 7.522 ms
GET /socket.io.js 304 - - 1.834 ms
GET /socket.io.js.map 404 155 - 4.670 ms
GET /fontawesome/webfonts/fa-solid-900.woff2 304 - - 2.338 ms
GET /fonts/Precious.ttf 304 - - 1.980 ms
GET /bootstrap/css/bootstrap.min.css.map 304 - - 3.365 ms
GET /learn/node 200 1523 - 11.419 ms
GET /bootstrap/css/bootstrap.min.css 304 - - 2.086 ms
GET /fontawesome/css/all.css 304 - - 2.125 ms
GET /layout.css 304 - - 1.964 ms
GET /jquery.min.js 304 - - 1.855 ms
GET /bootstrap/js/bootstrap.min.js 304 - - 2.027 ms
GET /socket.io.js 304 - - 1.853 ms
GET /fontawesome/webfonts/fa-solid-900.woff2 304 - - 2.427 ms
GET /fonts/HALO____.TTF 304 - - 2.021 ms
GET /fonts/Precious.ttf 304 - - 1.914 ms
GET /socket.io.js.map 404 155 - 1.949 ms
GET /bootstrap/css/bootstrap.min.css.map 304 - - 2.029 ms
GET /learn/node 200 1510 - 13.427 ms
GET /bootstrap/css/bootstrap.min.css 304 - - 2.151 ms
GET /fontawesome/css/all.css 304 - - 2.120 ms
GET /layout.css 304 - - 1.766 ms
GET /jquery.min.js 304 - - 9.295 ms
GET /bootstrap/js/bootstrap.min.js 304 - - 1.985 ms
GET /socket.io.js 304 - - 1.859 ms
GET /socket.io.js.map 404 155 - 3.113 ms
GET /fontawesome/webfonts/fa-solid-900.woff2 304 - - 2.125 ms
GET /fonts/Precious.ttf 304 - - 2.002 ms
GET /bootstrap/css/bootstrap.min.css.map 304 - - 2.194 ms
