GET / 304 - - 268.180 ms
GET /bootstrap/css/bootstrap.min.css 304 - - 42.321 ms
GET /fontawesome/css/all.css 304 - - 17.655 ms
GET /layout.css 304 - - 1.936 ms
GET /social-instagram-w.png 304 - - 2.277 ms
GET /social-twitter-w.png 304 - - 1.905 ms
GET /social-facebook-w.png 304 - - 1.951 ms
GET /social-slack-w.png 304 - - 3.463 ms
GET /social-youtube-w.png 304 - - 1.818 ms
GET /social-linked-in-w.png 304 - - 3.288 ms
GET /fonts/HALO____.TTF 304 - - 3.047 ms
POST /auth/login 302 46 - 1317.352 ms
GET / 200 13589 - 174.246 ms
GET /bootstrap/css/bootstrap.min.css 304 - - 46.550 ms
GET /fontawesome/css/all.css 304 - - 52.723 ms
GET /layout.css 304 - - 58.132 ms
GET /loader.css 304 - - 57.417 ms
GET /jquery.min.js 304 - - 56.758 ms
GET /bootstrap/js/bootstrap.min.js 304 - - 56.133 ms
GET /blur.css 304 - - 55.983 ms
GET /blur.js 304 - - 55.440 ms
GET /push.js 304 - - 50.185 ms
GET /socket.io.js 304 - - 49.620 ms
GET /lib/user.png 304 - - 2.225 ms
GET /upload/1525189909-61450.png 304 - - 5.008 ms
GET /upload/pudding.png 304 - - 9.068 ms
GET /social-instagram-w.png 304 - - 2.180 ms
GET /pinterest.png 304 - - 4.342 ms
GET /twitter.png 304 - - 1.910 ms
GET /tumblr.png 304 - - 1.963 ms
GET /facebook.png 304 - - 1.995 ms
GET /reddit.png 304 - - 1.930 ms
GET /social-youtube-w.png 304 - - 25.255 ms
GET /stumbleupon.png 304 - - 1.983 ms
GET /linkedin.png 304 - - 1.937 ms
GET /google.png 304 - - 1.986 ms
GET /lib/user.png 304 - - 2.117 ms
GET /fonts/HALO____.TTF 304 - - 47.451 ms
GET /fontawesome/webfonts/fa-solid-900.woff2 304 - - 42.668 ms
GET /bootstrap/fonts/glyphicons-halflings-regular.woff2 304 - - 48.440 ms
GET /fonts/Precious.ttf 304 - - 55.919 ms
GET /upload/ 200 3743 - 40.418 ms
GET /bootstrap/css/bootstrap.min.css 304 - - 2.216 ms
GET /fontawesome/css/all.css 304 - - 2.196 ms
GET /signin.css 304 - - 5.964 ms
GET /loader.css 304 - - 8.253 ms
GET /bootstrap/js/bootstrap.min.js 304 - - 8.557 ms
GET /jquery.min.js 304 - - 1.888 ms
GET /layout.css 304 - - 2.060 ms
GET /fontawesome/webfonts/fa-solid-900.woff2 304 - - 3.201 ms
GET /upload/ 200 3766 - 10.720 ms
GET /bootstrap/css/bootstrap.min.css 304 - - 2.121 ms
GET /fontawesome/css/all.css 304 - - 15.455 ms
GET /layout.css 304 - - 49.634 ms
GET /signin.css 304 - - 48.965 ms
GET /loader.css 304 - - 48.368 ms
GET /bootstrap/js/bootstrap.min.js 304 - - 54.177 ms
GET /jquery.min.js 304 - - 35.625 ms
GET /fontawesome/webfonts/fa-solid-900.woff2 304 - - 2.557 ms
GET /upload/ 200 3795 - 9.476 ms
GET /bootstrap/css/bootstrap.min.css 304 - - 2.174 ms
GET /fontawesome/css/all.css 304 - - 2.146 ms
GET /layout.css 304 - - 1.887 ms
GET /signin.css 304 - - 1.886 ms
GET /loader.css 304 - - 30.936 ms
GET /jquery.min.js 304 - - 30.284 ms
GET /bootstrap/js/bootstrap.min.js 304 - - 29.629 ms
GET /fontawesome/webfonts/fa-solid-900.woff2 304 - - 2.190 ms
GET / 200 4052 - 334.725 ms
GET /fontawesome/css/all.css 304 - - 134.531 ms
GET /layout.css 304 - - 87.514 ms
GET /social-instagram-w.png 304 - - 44.883 ms
GET /social-twitter-w.png 304 - - 1.862 ms
GET /social-facebook-w.png 304 - - 1.875 ms
GET /social-slack-w.png 304 - - 2.483 ms
GET /social-youtube-w.png 304 - - 2.271 ms
GET /social-linked-in-w.png 304 - - 2.174 ms
GET /bootstrap/css/bootstrap.min.css 200 121200 - 56.000 ms
GET /fonts/HALO____.TTF 304 - - 73.160 ms
GET /favicon.ico 404 150 - 151.343 ms
POST /auth/login 200 4136 - 1022.898 ms
GET /bootstrap/css/bootstrap.min.css 304 - - 2.151 ms
GET /fontawesome/css/all.css 304 - - 2.141 ms
GET /layout.css 304 - - 1.875 ms
GET /social-instagram-w.png 304 - - 2.172 ms
GET /social-twitter-w.png 304 - - 1.898 ms
GET /social-facebook-w.png 304 - - 1.893 ms
GET /social-slack-w.png 304 - - 1.860 ms
GET /social-youtube-w.png 304 - - 1.948 ms
GET /social-linked-in-w.png 304 - - 1.859 ms
GET /fonts/HALO____.TTF 304 - - 61.247 ms
POST /auth/login 302 46 - 763.252 ms
GET / 200 13589 - 129.997 ms
GET /bootstrap/css/bootstrap.min.css 304 - - 2.219 ms
GET /fontawesome/css/all.css 304 - - 2.321 ms
GET /layout.css 304 - - 23.207 ms
GET /loader.css 304 - - 26.185 ms
GET /bootstrap/js/bootstrap.min.js 304 - - 22.055 ms
GET /socket.io.js 200 60730 - 143.022 ms
GET /push.js 200 72190 - 115.846 ms
GET /blur.js 304 - - 81.497 ms
GET /blur.css 304 - - 95.696 ms
GET /jquery.min.js 200 97163 - 77.732 ms
GET /lib/user.png 304 - - 63.306 ms
GET /upload/1525189909-61450.png 304 - - 62.714 ms
GET /upload/pudding.png 304 - - 54.545 ms
GET /social-instagram-w.png 304 - - 68.377 ms
GET /pinterest.png 304 - - 37.136 ms
GET /twitter.png 304 - - 3.942 ms
GET /tumblr.png 304 - - 32.510 ms
GET /facebook.png 304 - - 30.640 ms
GET /reddit.png 304 - - 1.862 ms
GET /social-youtube-w.png 304 - - 1.875 ms
GET /stumbleupon.png 304 - - 1.892 ms
GET /linkedin.png 304 - - 1.944 ms
GET /google.png 304 - - 1.889 ms
GET /lib/user.png 304 - - 13.365 ms
GET /lib/user.png 304 - - 109.613 ms
GET /fonts/HALO____.TTF 304 - - 2.086 ms
GET /fontawesome/webfonts/fa-solid-900.woff2 200 79100 - 19.069 ms
GET /bootstrap/fonts/glyphicons-halflings-regular.woff2 200 18028 - 39.919 ms
GET /fonts/Precious.ttf 200 37928 - 22.472 ms
GET /upload/ 200 3804 - 45.019 ms
GET /bootstrap/css/bootstrap.min.css 304 - - 2.214 ms
GET /fontawesome/css/all.css 304 - - 2.202 ms
GET /layout.css 304 - - 1.970 ms
GET /loader.css 304 - - 1.953 ms
GET /jquery.min.js 304 - - 3.621 ms
GET /bootstrap/js/bootstrap.min.js 304 - - 2.076 ms
GET /signin.css 304 - - 1.994 ms
GET /mobile.png 200 37861 - 2.600 ms
GET /fontawesome/webfonts/fa-solid-900.woff2 304 - - 72.295 ms
GET /bootstrap/css/bootstrap.min.css 304 - - 2.223 ms
GET /fontawesome/css/all.css 304 - - 2.039 ms
GET /layout.css 304 - - 30.635 ms
GET /signin.css 304 - - 16.261 ms
GET /loader.css 304 - - 38.011 ms
GET /bootstrap/css/bootstrap.min.css.map 200 542194 - 33.351 ms
GET /upload/ 200 3858 - 28.154 ms
GET /bootstrap/css/bootstrap.min.css 304 - - 2.174 ms
GET /fontawesome/css/all.css 304 - - 2.213 ms
GET /layout.css 304 - - 1.999 ms
GET /signin.css 304 - - 1.954 ms
GET /loader.css 304 - - 1.841 ms
GET /jquery.min.js 304 - - 2.030 ms
GET /bootstrap/js/bootstrap.min.js 304 - - 1.996 ms
GET /mobile.png 304 - - 46.471 ms
GET /fontawesome/webfonts/fa-solid-900.woff2 304 - - 2.243 ms
GET /bootstrap/css/bootstrap.min.css.map 304 - - 2.577 ms
GET /upload/ 200 3971 - 16.633 ms
GET /bootstrap/css/bootstrap.min.css 304 - - 2.212 ms
GET /fontawesome/css/all.css 304 - - 2.200 ms
GET /layout.css 304 - - 1.913 ms
GET /signin.css 304 - - 1.951 ms
GET /loader.css 304 - - 1.771 ms
GET /jquery.min.js 304 - - 1.957 ms
GET /bootstrap/js/bootstrap.min.js 304 - - 2.055 ms
GET /mobile.png 304 - - 1.952 ms
GET /fontawesome/webfonts/fa-solid-900.woff2 304 - - 2.497 ms
GET /bootstrap/css/bootstrap.min.css.map 304 - - 2.187 ms
GET /upload/ 200 3971 - 13.343 ms
GET /bootstrap/css/bootstrap.min.css 304 - - 2.349 ms
GET /fontawesome/css/all.css 304 - - 2.162 ms
GET /layout.css 304 - - 1.889 ms
GET /signin.css 304 - - 1.973 ms
GET /loader.css 304 - - 27.194 ms
GET /jquery.min.js 304 - - 26.466 ms
GET /bootstrap/js/bootstrap.min.js 304 - - 25.824 ms
GET /mobile.png 304 - - 54.854 ms
GET /fontawesome/webfonts/fa-solid-900.woff2 304 - - 2.179 ms
GET /upload/ 200 3967 - 9.242 ms
GET /bootstrap/css/bootstrap.min.css 304 - - 2.230 ms
GET /fontawesome/css/all.css 304 - - 2.103 ms
GET /layout.css 304 - - 15.327 ms
GET /signin.css 304 - - 7.468 ms
GET /loader.css 304 - - 22.865 ms
GET /jquery.min.js 304 - - 21.914 ms
GET /bootstrap/js/bootstrap.min.js 304 - - 21.116 ms
GET /mobile.png 304 - - 1.896 ms
GET /fontawesome/webfonts/fa-solid-900.woff2 304 - - 94.861 ms
GET /upload/ 200 3967 - 11.977 ms
GET /bootstrap/css/bootstrap.min.css 304 - - 2.157 ms
GET /fontawesome/css/all.css 304 - - 2.106 ms
GET /layout.css 304 - - 1.925 ms
GET /signin.css 304 - - 1.866 ms
GET /loader.css 304 - - 1.832 ms
GET /jquery.min.js 304 - - 33.912 ms
GET /bootstrap/js/bootstrap.min.js 304 - - 33.264 ms
GET /mobile.png 304 - - 54.684 ms
GET /fontawesome/webfonts/fa-solid-900.woff2 304 - - 50.917 ms
GET /upload/ 200 3892 - 15.279 ms
GET /bootstrap/css/bootstrap.min.css 304 - - 2.089 ms
GET /fontawesome/css/all.css 304 - - 2.083 ms
GET /layout.css 304 - - 1.935 ms
GET /signin.css 304 - - 1.868 ms
GET /loader.css 304 - - 1.851 ms
GET /jquery.min.js 304 - - 1.899 ms
GET /bootstrap/js/bootstrap.min.js 304 - - 3.195 ms
GET /mobile.png 304 - - 13.938 ms
GET /fontawesome/webfonts/fa-solid-900.woff2 304 - - 2.111 ms
GET /upload/ 200 3945 - 15.375 ms
GET /bootstrap/css/bootstrap.min.css 304 - - 2.115 ms
GET /fontawesome/css/all.css 304 - - 2.165 ms
GET /layout.css 304 - - 1.916 ms
GET /signin.css 304 - - 1.867 ms
GET /loader.css 304 - - 1.822 ms
GET /jquery.min.js 304 - - 1.928 ms
GET /bootstrap/js/bootstrap.min.js 304 - - 1.971 ms
GET /mobile.png 304 - - 74.600 ms
GET /fontawesome/webfonts/fa-solid-900.woff2 304 - - 70.738 ms
GET /upload/ 200 3947 - 13.162 ms
GET /bootstrap/css/bootstrap.min.css 304 - - 103.714 ms
GET /layout.css 304 - - 82.836 ms
GET /signin.css 304 - - 88.377 ms
GET /fontawesome/css/all.css 304 - - 111.149 ms
GET /loader.css 304 - - 82.483 ms
GET /jquery.min.js 304 - - 79.545 ms
GET /bootstrap/js/bootstrap.min.js 304 - - 95.046 ms
GET /mobile.png 304 - - 42.802 ms
GET /fontawesome/webfonts/fa-solid-900.woff2 304 - - 69.616 ms
GET /upload/ 200 3853 - 8.576 ms
GET /bootstrap/css/bootstrap.min.css 304 - - 98.013 ms
GET /layout.css 304 - - 80.140 ms
GET /fontawesome/css/all.css 304 - - 119.033 ms
GET /signin.css 304 - - 104.063 ms
GET /loader.css 304 - - 97.902 ms
GET /jquery.min.js 304 - - 82.563 ms
GET /bootstrap/js/bootstrap.min.js 304 - - 99.598 ms
GET /fontawesome/webfonts/fa-solid-900.woff2 304 - - 57.178 ms
GET /upload/ 200 3879 - 17.227 ms
GET /bootstrap/css/bootstrap.min.css 304 - - 17.898 ms
GET /fontawesome/css/all.css 304 - - 17.603 ms
GET /layout.css 304 - - 17.271 ms
GET /signin.css 304 - - 13.983 ms
GET /loader.css 304 - - 1.764 ms
GET /jquery.min.js 304 - - 21.300 ms
GET /bootstrap/js/bootstrap.min.js 304 - - 39.357 ms
GET /fontawesome/webfonts/fa-solid-900.woff2 304 - - 66.937 ms
GET /upload/ 304 - - 6.957 ms
GET /bootstrap/css/bootstrap.min.css 304 - - 2.019 ms
GET /fontawesome/css/all.css 304 - - 1.947 ms
GET /layout.css 304 - - 1.677 ms
GET /signin.css 304 - - 1.694 ms
GET /loader.css 304 - - 26.144 ms
GET /jquery.min.js 304 - - 30.518 ms
GET /bootstrap/js/bootstrap.min.js 304 - - 29.847 ms
GET /fontawesome/webfonts/fa-solid-900.woff2 304 - - 48.084 ms
GET /upload/ 200 5235 - 167.162 ms
GET /bootstrap/css/bootstrap.min.css 304 - - 2.131 ms
GET /fontawesome/css/all.css 304 - - 2.019 ms
GET /layout.css 304 - - 1.840 ms
GET /signin.css 304 - - 10.432 ms
GET /loader.css 304 - - 10.000 ms
GET /jquery.min.js 304 - - 39.458 ms
GET /bootstrap/js/bootstrap.min.js 304 - - 38.932 ms
GET /lib/user.png 304 - - 52.400 ms
GET /fontawesome/webfonts/fa-solid-900.woff2 304 - - 174.336 ms
GET /bootstrap/fonts/glyphicons-halflings-regular.woff2 304 - - 164.917 ms
GET /upload/ 200 5317 - 132.160 ms
GET /bootstrap/css/bootstrap.min.css 304 - - 72.845 ms
GET /layout.css 304 - - 47.581 ms
GET /signin.css 304 - - 52.694 ms
GET /loader.css 304 - - 55.795 ms
GET /fontawesome/css/all.css 304 - - 81.320 ms
GET /jquery.min.js 304 - - 86.396 ms
GET /bootstrap/js/bootstrap.min.js 304 - - 110.711 ms
GET /lib/user.png 304 - - 65.345 ms
GET /fontawesome/webfonts/fa-solid-900.woff2 304 - - 70.885 ms
GET /bootstrap/fonts/glyphicons-halflings-regular.woff2 304 - - 65.644 ms
GET /upload/ 200 5326 - 84.231 ms
GET /bootstrap/css/bootstrap.min.css 304 - - 2.026 ms
GET /fontawesome/css/all.css 304 - - 2.015 ms
GET /layout.css 304 - - 1.753 ms
GET /signin.css 304 - - 1.803 ms
GET /loader.css 304 - - 1.738 ms
GET /jquery.min.js 304 - - 13.711 ms
GET /bootstrap/js/bootstrap.min.js 304 - - 13.184 ms
GET /lib/user.png 304 - - 2.011 ms
GET /fontawesome/webfonts/fa-solid-900.woff2 304 - - 2.303 ms
GET /bootstrap/fonts/glyphicons-halflings-regular.woff2 304 - - 2.017 ms
GET /upload/ 200 5328 - 86.623 ms
GET /bootstrap/css/bootstrap.min.css 304 - - 2.415 ms
GET /fontawesome/css/all.css 304 - - 1.956 ms
GET /layout.css 304 - - 1.753 ms
GET /signin.css 304 - - 4.666 ms
GET /loader.css 304 - - 1.733 ms
GET /jquery.min.js 304 - - 17.948 ms
GET /bootstrap/js/bootstrap.min.js 304 - - 15.033 ms
GET /lib/user.png 304 - - 1.839 ms
GET /fontawesome/webfonts/fa-solid-900.woff2 304 - - 2.059 ms
GET /bootstrap/fonts/glyphicons-halflings-regular.woff2 304 - - 2.102 ms
GET /upload/ 200 5305 - 70.057 ms
GET /bootstrap/css/bootstrap.min.css 304 - - 1.934 ms
GET /fontawesome/css/all.css 304 - - 2.011 ms
GET /layout.css 304 - - 1.749 ms
GET /signin.css 304 - - 32.275 ms
GET /loader.css 304 - - 31.887 ms
GET /jquery.min.js 304 - - 29.148 ms
GET /bootstrap/js/bootstrap.min.js 304 - - 28.265 ms
GET /lib/user.png 304 - - 1.943 ms
GET /fontawesome/webfonts/fa-solid-900.woff2 304 - - 2.158 ms
GET /bootstrap/fonts/glyphicons-halflings-regular.woff2 304 - - 1.986 ms
GET /upload/ 200 5268 - 77.169 ms
GET /bootstrap/css/bootstrap.min.css 304 - - 1.934 ms
GET /fontawesome/css/all.css 304 - - 1.926 ms
GET /layout.css 304 - - 1.904 ms
GET /signin.css 304 - - 1.746 ms
GET /loader.css 304 - - 24.571 ms
GET /jquery.min.js 304 - - 24.006 ms
GET /bootstrap/js/bootstrap.min.js 304 - - 23.486 ms
GET /lib/user.png 304 - - 2.005 ms
GET /fontawesome/webfonts/fa-solid-900.woff2 304 - - 68.573 ms
GET /bootstrap/fonts/glyphicons-halflings-regular.woff2 304 - - 66.232 ms
GET /upload/ 200 5024 - 52.215 ms
GET /bootstrap/css/bootstrap.min.css 304 - - 2.050 ms
GET /fontawesome/css/all.css 304 - - 2.014 ms
GET /layout.css 304 - - 1.779 ms
GET /signin.css 304 - - 1.780 ms
GET /loader.css 304 - - 31.403 ms
GET /jquery.min.js 304 - - 28.195 ms
GET /bootstrap/js/bootstrap.min.js 304 - - 27.598 ms
GET /lib/user.png 304 - - 1.837 ms
GET /fontawesome/webfonts/fa-solid-900.woff2 304 - - 2.062 ms
GET /bootstrap/fonts/glyphicons-halflings-regular.woff2 304 - - 1.974 ms
GET /upload/ 200 4904 - 58.820 ms
GET /bootstrap/css/bootstrap.min.css 304 - - 2.109 ms
GET /fontawesome/css/all.css 304 - - 2.059 ms
GET /layout.css 304 - - 1.765 ms
GET /signin.css 304 - - 30.544 ms
GET /loader.css 304 - - 42.535 ms
GET /jquery.min.js 304 - - 41.904 ms
GET /bootstrap/js/bootstrap.min.js 304 - - 13.145 ms
GET /lib/user.png 304 - - 1.907 ms
GET /fontawesome/webfonts/fa-solid-900.woff2 304 - - 3.818 ms
GET /bootstrap/fonts/glyphicons-halflings-regular.woff2 304 - - 3.313 ms
GET /upload/ 200 4861 - 42.873 ms
GET /bootstrap/css/bootstrap.min.css 304 - - 2.096 ms
GET /fontawesome/css/all.css 304 - - 2.033 ms
GET /layout.css 304 - - 28.028 ms
GET /signin.css 304 - - 42.892 ms
GET /loader.css 304 - - 41.448 ms
GET /jquery.min.js 304 - - 40.756 ms
GET /bootstrap/js/bootstrap.min.js 304 - - 40.218 ms
GET /lib/user.png 304 - - 63.292 ms
GET /fontawesome/webfonts/fa-solid-900.woff2 304 - - 22.735 ms
GET /bootstrap/fonts/glyphicons-halflings-regular.woff2 304 - - 1.993 ms
GET /upload/ 200 4860 - 57.279 ms
GET /bootstrap/css/bootstrap.min.css 304 - - 2.078 ms
GET /fontawesome/css/all.css 304 - - 2.030 ms
GET /layout.css 304 - - 1.751 ms
GET /signin.css 304 - - 1.798 ms
GET /loader.css 304 - - 6.986 ms
GET /jquery.min.js 304 - - 23.196 ms
GET /bootstrap/js/bootstrap.min.js 304 - - 22.623 ms
GET /lib/user.png 304 - - 1.824 ms
GET /fontawesome/webfonts/fa-solid-900.woff2 304 - - 2.477 ms
GET /bootstrap/fonts/glyphicons-halflings-regular.woff2 304 - - 2.010 ms
GET /upload/ 200 4825 - 49.415 ms
GET /bootstrap/css/bootstrap.min.css 304 - - 2.066 ms
GET /fontawesome/css/all.css 304 - - 2.046 ms
GET /layout.css 304 - - 1.670 ms
GET /signin.css 304 - - 2.703 ms
GET /loader.css 304 - - 1.670 ms
GET /jquery.min.js 304 - - 4.712 ms
GET /bootstrap/js/bootstrap.min.js 304 - - 5.979 ms
GET /lib/user.png 304 - - 1.915 ms
GET /fontawesome/webfonts/fa-solid-900.woff2 304 - - 2.143 ms
GET /bootstrap/fonts/glyphicons-halflings-regular.woff2 304 - - 1.956 ms
GET /bootstrap/css/bootstrap.min.css 304 - - 147.510 ms
GET /layout.css 304 - - 87.727 ms
GET /fontawesome/css/all.css 304 - - 110.467 ms
GET /signin.css 304 - - 98.017 ms
GET /loader.css 304 - - 77.569 ms
GET /bootstrap/css/bootstrap.min.css.map 304 - - 2.213 ms
GET /bootstrap/css/bootstrap.min.css.map 304 - - 107.468 ms
GET /upload/ 200 4805 - 50.266 ms
GET /bootstrap/css/bootstrap.min.css 304 - - 1.851 ms
GET /fontawesome/css/all.css 304 - - 1.935 ms
GET /layout.css 304 - - 1.734 ms
GET /signin.css 304 - - 1.686 ms
GET /loader.css 304 - - 1.826 ms
GET /jquery.min.js 304 - - 1.777 ms
GET /bootstrap/js/bootstrap.min.js 304 - - 1.824 ms
GET /lib/user.png 304 - - 26.378 ms
GET /bootstrap/fonts/glyphicons-halflings-regular.woff2 304 - - 110.285 ms
GET /bootstrap/css/bootstrap.min.css.map 304 - - 58.183 ms
GET /upload/ 200 4840 - 43.506 ms
GET /bootstrap/css/bootstrap.min.css 304 - - 1.910 ms
GET /fontawesome/css/all.css 304 - - 2.032 ms
GET /layout.css 304 - - 4.400 ms
GET /signin.css 304 - - 43.219 ms
GET /loader.css 304 - - 42.657 ms
GET /jquery.min.js 304 - - 42.130 ms
GET /bootstrap/js/bootstrap.min.js 304 - - 41.620 ms
GET /lib/user.png 304 - - 73.495 ms
GET /fontawesome/webfonts/fa-solid-900.woff2 304 - - 2.093 ms
GET /bootstrap/fonts/glyphicons-halflings-regular.woff2 304 - - 8.077 ms
GET / 304 - - 195.330 ms
GET /bootstrap/css/bootstrap.min.css 304 - - 1.917 ms
GET /fontawesome/css/all.css 304 - - 3.460 ms
GET /layout.css 304 - - 36.368 ms
GET /loader.css 304 - - 35.788 ms
GET /jquery.min.js 304 - - 26.220 ms
GET /bootstrap/js/bootstrap.min.js 304 - - 160.548 ms
GET /push.js 304 - - 128.464 ms
GET /blur.css 304 - - 135.675 ms
GET /blur.js 304 - - 135.381 ms
GET /socket.io.js 304 - - 136.755 ms
GET /lib/user.png 304 - - 69.018 ms
GET /upload/1525189909-61450.png 304 - - 69.571 ms
GET /upload/pudding.png 304 - - 41.419 ms
GET /social-instagram-w.png 304 - - 46.854 ms
GET /pinterest.png 304 - - 48.628 ms
GET /twitter.png 304 - - 39.804 ms
GET /tumblr.png 304 - - 1.778 ms
GET /facebook.png 304 - - 1.831 ms
GET /reddit.png 304 - - 1.969 ms
GET /social-youtube-w.png 304 - - 1.742 ms
GET /stumbleupon.png 304 - - 1.740 ms
GET /linkedin.png 304 - - 2.167 ms
GET /google.png 304 - - 1.776 ms
GET /lib/user.png 304 - - 1.840 ms
GET /lib/user.png 304 - - 1.696 ms
GET /fonts/HALO____.TTF 304 - - 1.882 ms
GET /fontawesome/webfonts/fa-solid-900.woff2 304 - - 2.011 ms
GET /bootstrap/fonts/glyphicons-halflings-regular.woff2 304 - - 2.051 ms
GET /fonts/Precious.ttf 304 - - 46.728 ms
GET /bootstrap/css/bootstrap.min.css 304 - - 2.021 ms
GET /fontawesome/css/all.css 304 - - 1.967 ms
GET /layout.css 304 - - 1.743 ms
GET /signin.css 304 - - 18.287 ms
GET /loader.css 304 - - 16.129 ms
GET /bootstrap/css/bootstrap.min.css.map 304 - - 109.200 ms
GET /upload/ 200 4853 - 65.019 ms
GET /bootstrap/css/bootstrap.min.css 304 - - 1.841 ms
GET /fontawesome/css/all.css 304 - - 1.845 ms
GET /layout.css 304 - - 1.746 ms
GET /signin.css 304 - - 1.677 ms
GET /loader.css 304 - - 13.085 ms
GET /jquery.min.js 304 - - 18.163 ms
GET /bootstrap/js/bootstrap.min.js 304 - - 17.609 ms
GET /lib/user.png 304 - - 62.047 ms
GET /fontawesome/webfonts/fa-solid-900.woff2 304 - - 87.009 ms
GET /bootstrap/fonts/glyphicons-halflings-regular.woff2 304 - - 59.144 ms
GET /bootstrap/css/bootstrap.min.css.map 304 - - 1.968 ms
GET /upload/ 200 4853 - 67.540 ms
GET /bootstrap/css/bootstrap.min.css 304 - - 1.989 ms
GET /fontawesome/css/all.css 304 - - 1.927 ms
GET /layout.css 304 - - 1.757 ms
GET /signin.css 304 - - 4.361 ms
GET /loader.css 304 - - 1.717 ms
GET /jquery.min.js 304 - - 18.637 ms
GET /bootstrap/js/bootstrap.min.js 304 - - 20.277 ms
GET /lib/user.png 304 - - 63.671 ms
GET /fontawesome/webfonts/fa-solid-900.woff2 304 - - 2.181 ms
GET /bootstrap/css/bootstrap.min.css.map 304 - - 2.299 ms
GET /bootstrap/fonts/glyphicons-halflings-regular.woff2 304 - - 1.948 ms
GET /upload/ 200 4856 - 55.765 ms
GET /bootstrap/css/bootstrap.min.css 304 - - 1.963 ms
GET /fontawesome/css/all.css 304 - - 6.206 ms
GET /layout.css 304 - - 1.730 ms
GET /signin.css 304 - - 1.754 ms
GET /loader.css 304 - - 11.568 ms
GET /jquery.min.js 304 - - 10.970 ms
GET /bootstrap/js/bootstrap.min.js 304 - - 2.333 ms
GET /lib/user.png 304 - - 62.176 ms
GET /fontawesome/webfonts/fa-solid-900.woff2 304 - - 2.144 ms
GET /bootstrap/fonts/glyphicons-halflings-regular.woff2 304 - - 2.002 ms
GET /bootstrap/css/bootstrap.min.css.map 304 - - 1.875 ms
GET /upload/ 200 4857 - 60.218 ms
GET /bootstrap/css/bootstrap.min.css 304 - - 1.978 ms
GET /fontawesome/css/all.css 304 - - 1.996 ms
GET /layout.css 304 - - 1.786 ms
GET /signin.css 304 - - 1.775 ms
GET /loader.css 304 - - 28.028 ms
GET /jquery.min.js 304 - - 50.351 ms
GET /bootstrap/js/bootstrap.min.js 304 - - 49.808 ms
GET /lib/user.png 304 - - 1.912 ms
GET /fontawesome/webfonts/fa-solid-900.woff2 304 - - 2.082 ms
GET /bootstrap/fonts/glyphicons-halflings-regular.woff2 304 - - 2.002 ms
GET /bootstrap/css/bootstrap.min.css.map 304 - - 2.266 ms
GET /bootstrap/css/bootstrap.min.css 304 - - 2.088 ms
GET /fontawesome/css/all.css 304 - - 1.830 ms
GET /layout.css 304 - - 1.736 ms
GET /signin.css 304 - - 53.747 ms
GET /loader.css 304 - - 48.186 ms
GET /bootstrap/css/bootstrap.min.css.map 304 - - 1.920 ms
GET /upload/ 200 4858 - 36.957 ms
GET /bootstrap/css/bootstrap.min.css 304 - - 3.412 ms
GET /fontawesome/css/all.css 304 - - 1.927 ms
GET /layout.css 304 - - 1.688 ms
GET /signin.css 304 - - 1.689 ms
GET /loader.css 304 - - 20.015 ms
GET /jquery.min.js 304 - - 12.648 ms
GET /bootstrap/js/bootstrap.min.js 304 - - 1.877 ms
GET /lib/user.png 304 - - 62.583 ms
GET /fontawesome/webfonts/fa-solid-900.woff2 304 - - 2.213 ms
GET /bootstrap/fonts/glyphicons-halflings-regular.woff2 304 - - 2.000 ms
GET /upload/ 200 4860 - 50.675 ms
GET /bootstrap/css/bootstrap.min.css 304 - - 2.000 ms
GET /fontawesome/css/all.css 304 - - 2.018 ms
GET /layout.css 304 - - 1.743 ms
GET /signin.css 304 - - 37.482 ms
GET /loader.css 304 - - 31.546 ms
GET /jquery.min.js 304 - - 30.962 ms
GET /bootstrap/js/bootstrap.min.js 304 - - 21.668 ms
GET /lib/user.png 304 - - 68.915 ms
GET /fontawesome/webfonts/fa-solid-900.woff2 304 - - 3.314 ms
GET /bootstrap/fonts/glyphicons-halflings-regular.woff2 304 - - 1.933 ms
GET /upload/ 200 4860 - 44.898 ms
GET /bootstrap/css/bootstrap.min.css 304 - - 1.963 ms
GET /fontawesome/css/all.css 304 - - 2.077 ms
GET /layout.css 304 - - 1.726 ms
GET /signin.css 304 - - 11.347 ms
GET /loader.css 304 - - 17.349 ms
GET /jquery.min.js 304 - - 17.773 ms
GET /bootstrap/js/bootstrap.min.js 304 - - 19.385 ms
GET /lib/user.png 304 - - 1.823 ms
GET /fontawesome/webfonts/fa-solid-900.woff2 304 - - 70.709 ms
GET /bootstrap/fonts/glyphicons-halflings-regular.woff2 304 - - 76.772 ms
GET /upload/ 200 4853 - 43.918 ms
GET /bootstrap/css/bootstrap.min.css 304 - - 1.951 ms
GET /fontawesome/css/all.css 304 - - 1.918 ms
GET /layout.css 304 - - 1.805 ms
GET /signin.css 304 - - 5.421 ms
GET /loader.css 304 - - 13.962 ms
GET /jquery.min.js 304 - - 13.291 ms
GET /bootstrap/js/bootstrap.min.js 304 - - 15.336 ms
GET /lib/user.png 304 - - 1.881 ms
GET /fontawesome/webfonts/fa-solid-900.woff2 304 - - 70.297 ms
GET /bootstrap/fonts/glyphicons-halflings-regular.woff2 304 - - 67.006 ms
GET /upload/ 200 4872 - 57.678 ms
GET /bootstrap/css/bootstrap.min.css 304 - - 1.891 ms
GET /fontawesome/css/all.css 304 - - 2.066 ms
GET /layout.css 304 - - 1.744 ms
GET /signin.css 304 - - 1.750 ms
GET /loader.css 304 - - 4.730 ms
GET /jquery.min.js 304 - - 19.404 ms
GET /bootstrap/js/bootstrap.min.js 304 - - 18.825 ms
GET /lib/user.png 304 - - 63.826 ms
GET /fontawesome/webfonts/fa-solid-900.woff2 304 - - 2.107 ms
GET /bootstrap/fonts/glyphicons-halflings-regular.woff2 304 - - 1.996 ms
GET /layout.css 304 - - 55.708 ms
GET /signin.css 304 - - 61.732 ms
GET /bootstrap/css/bootstrap.min.css 304 - - 109.383 ms
GET /fontawesome/css/all.css 304 - - 92.324 ms
GET /loader.css 304 - - 96.677 ms
GET /bootstrap/css/bootstrap.min.css.map 304 - - 2.150 ms
GET /upload/ 200 4898 - 61.147 ms
GET /bootstrap/css/bootstrap.min.css 304 - - 54.754 ms
GET /layout.css 304 - - 48.188 ms
GET /loader.css 304 - - 47.805 ms
GET /signin.css 304 - - 52.973 ms
GET /fontawesome/css/all.css 304 - - 86.939 ms
GET /jquery.min.js 304 - - 78.803 ms
GET /bootstrap/js/bootstrap.min.js 304 - - 102.859 ms
GET /lib/user.png 304 - - 57.930 ms
GET /fontawesome/webfonts/fa-solid-900.woff2 304 - - 40.138 ms
GET /bootstrap/fonts/glyphicons-halflings-regular.woff2 304 - - 1.865 ms
GET /upload/ 200 4900 - 64.454 ms
GET /bootstrap/css/bootstrap.min.css 304 - - 1.894 ms
GET /fontawesome/css/all.css 304 - - 1.957 ms
GET /layout.css 304 - - 1.742 ms
GET /signin.css 304 - - 1.860 ms
GET /loader.css 304 - - 21.579 ms
GET /jquery.min.js 304 - - 19.449 ms
GET /bootstrap/js/bootstrap.min.js 304 - - 18.858 ms
GET /lib/user.png 304 - - 1.935 ms
GET /bootstrap/fonts/glyphicons-halflings-regular.woff2 304 - - 71.153 ms
GET /fontawesome/webfonts/fa-solid-900.woff2 304 - - 101.019 ms
GET /bootstrap/css/bootstrap.min.css 304 - - 2.090 ms
GET /fontawesome/css/all.css 304 - - 1.948 ms
GET /layout.css 304 - - 6.407 ms
GET /signin.css 304 - - 1.682 ms
GET /loader.css 304 - - 10.574 ms
GET /bootstrap/css/bootstrap.min.css.map 304 - - 2.215 ms
GET /upload/ 200 4902 - 47.523 ms
GET /bootstrap/css/bootstrap.min.css 304 - - 1.999 ms
GET /fontawesome/css/all.css 304 - - 1.906 ms
GET /layout.css 304 - - 1.683 ms
GET /signin.css 304 - - 7.477 ms
GET /loader.css 304 - - 32.037 ms
GET /jquery.min.js 304 - - 31.486 ms
GET /bootstrap/js/bootstrap.min.js 304 - - 39.899 ms
GET /lib/user.png 304 - - 62.006 ms
GET /fontawesome/webfonts/fa-solid-900.woff2 304 - - 2.052 ms
GET /bootstrap/fonts/glyphicons-halflings-regular.woff2 304 - - 1.933 ms
GET /bootstrap/css/bootstrap.min.css.map 304 - - 2.081 ms
GET /upload/ 200 4923 - 54.171 ms
GET /bootstrap/css/bootstrap.min.css 304 - - 1.907 ms
GET /fontawesome/css/all.css 304 - - 1.936 ms
GET /layout.css 304 - - 1.788 ms
GET /signin.css 304 - - 13.693 ms
GET /loader.css 304 - - 34.817 ms
GET /jquery.min.js 304 - - 22.468 ms
GET /bootstrap/js/bootstrap.min.js 304 - - 21.804 ms
GET /lib/user.png 304 - - 76.189 ms
GET /fontawesome/webfonts/fa-solid-900.woff2 304 - - 2.044 ms
GET /bootstrap/fonts/glyphicons-halflings-regular.woff2 304 - - 2.014 ms
GET /bootstrap/css/bootstrap.min.css.map 304 - - 1.914 ms
GET /upload/ 200 4922 - 57.497 ms
GET /bootstrap/css/bootstrap.min.css 304 - - 1.958 ms
GET /fontawesome/css/all.css 304 - - 1.938 ms
GET /layout.css 304 - - 1.714 ms
GET /signin.css 304 - - 1.882 ms
GET /loader.css 304 - - 47.701 ms
GET /jquery.min.js 304 - - 76.044 ms
GET /bootstrap/js/bootstrap.min.js 304 - - 77.208 ms
GET /lib/user.png 304 - - 62.391 ms
GET /fontawesome/webfonts/fa-solid-900.woff2 304 - - 112.134 ms
GET /bootstrap/fonts/glyphicons-halflings-regular.woff2 304 - - 85.362 ms
GET /bootstrap/css/bootstrap.min.css.map 304 - - 1.966 ms
GET /upload/ 304 - - 47.168 ms
GET /bootstrap/css/bootstrap.min.css 304 - - 2.015 ms
GET /fontawesome/css/all.css 304 - - 76.054 ms
GET /layout.css 304 - - 79.350 ms
GET /signin.css 304 - - 56.192 ms
GET /loader.css 304 - - 54.494 ms
GET /jquery.min.js 304 - - 85.990 ms
GET /bootstrap/js/bootstrap.min.js 304 - - 117.053 ms
GET /lib/user.png 304 - - 64.265 ms
GET /fontawesome/webfonts/fa-solid-900.woff2 304 - - 2.266 ms
GET /bootstrap/fonts/glyphicons-halflings-regular.woff2 304 - - 1.975 ms
GET /bootstrap/css/bootstrap.min.css.map 304 - - 1.794 ms
GET /upload/ 200 4921 - 53.539 ms
GET /bootstrap/css/bootstrap.min.css 304 - - 1.929 ms
GET /fontawesome/css/all.css 304 - - 1.941 ms
GET /layout.css 304 - - 2.364 ms
GET /signin.css 304 - - 1.751 ms
GET /loader.css 304 - - 1.663 ms
GET /jquery.min.js 304 - - 1.729 ms
GET /bootstrap/js/bootstrap.min.js 304 - - 1.853 ms
GET /lib/user.png 304 - - 2.117 ms
GET /fontawesome/webfonts/fa-solid-900.woff2 304 - - 2.091 ms
GET /bootstrap/fonts/glyphicons-halflings-regular.woff2 304 - - 1.962 ms
GET /bootstrap/css/bootstrap.min.css.map 304 - - 4.084 ms
GET /upload/ 200 4945 - 63.706 ms
GET /bootstrap/css/bootstrap.min.css 304 - - 1.991 ms
GET /fontawesome/css/all.css 304 - - 1.962 ms
GET /layout.css 304 - - 2.069 ms
GET /signin.css 304 - - 13.345 ms
GET /loader.css 304 - - 29.673 ms
GET /jquery.min.js 304 - - 23.881 ms
GET /bootstrap/js/bootstrap.min.js 304 - - 17.850 ms
GET /lib/user.png 304 - - 1.881 ms
GET /bootstrap/fonts/glyphicons-halflings-regular.woff2 304 - - 88.190 ms
GET /fontawesome/webfonts/fa-solid-900.woff2 304 - - 113.680 ms
GET /bootstrap/css/bootstrap.min.css.map 304 - - 2.003 ms
GET /upload/ 200 4958 - 67.977 ms
GET /bootstrap/css/bootstrap.min.css 304 - - 1.981 ms
GET /fontawesome/css/all.css 304 - - 1.930 ms
GET /layout.css 304 - - 1.730 ms
GET /signin.css 304 - - 9.177 ms
GET /loader.css 304 - - 20.315 ms
GET /jquery.min.js 304 - - 19.765 ms
GET /bootstrap/js/bootstrap.min.js 304 - - 1.857 ms
GET /lib/user.png 304 - - 55.260 ms
GET /fontawesome/webfonts/fa-solid-900.woff2 304 - - 2.068 ms
GET /bootstrap/css/bootstrap.min.css.map 304 - - 2.340 ms
GET /bootstrap/fonts/glyphicons-halflings-regular.woff2 304 - - 1.852 ms
GET /upload/ 200 4973 - 64.987 ms
GET /bootstrap/css/bootstrap.min.css 304 - - 1.979 ms
GET /fontawesome/css/all.css 304 - - 1.983 ms
GET /layout.css 304 - - 1.751 ms
GET /signin.css 304 - - 35.008 ms
GET /loader.css 304 - - 34.489 ms
GET /jquery.min.js 304 - - 52.938 ms
GET /bootstrap/js/bootstrap.min.js 304 - - 34.360 ms
GET /lib/user.png 304 - - 63.055 ms
GET /bootstrap/css/bootstrap.min.css.map 304 - - 2.038 ms
GET /fontawesome/webfonts/fa-solid-900.woff2 304 - - 9.702 ms
GET /bootstrap/fonts/glyphicons-halflings-regular.woff2 304 - - 1.861 ms
GET /upload/ 200 4973 - 67.852 ms
GET /bootstrap/css/bootstrap.min.css 304 - - 1.950 ms
GET /fontawesome/css/all.css 304 - - 1.944 ms
GET /layout.css 304 - - 1.745 ms
GET /signin.css 304 - - 2.847 ms
GET /loader.css 304 - - 1.650 ms
GET /jquery.min.js 304 - - 25.535 ms
GET /bootstrap/js/bootstrap.min.js 304 - - 20.071 ms
GET /lib/user.png 304 - - 1.820 ms
GET /fontawesome/webfonts/fa-solid-900.woff2 304 - - 110.980 ms
GET /bootstrap/fonts/glyphicons-halflings-regular.woff2 304 - - 97.055 ms
GET /bootstrap/css/bootstrap.min.css.map 304 - - 2.199 ms
GET /upload/ 200 4973 - 82.078 ms
GET /bootstrap/css/bootstrap.min.css 304 - - 2.020 ms
GET /fontawesome/css/all.css 304 - - 2.314 ms
GET /layout.css 304 - - 1.751 ms
GET /signin.css 304 - - 2.072 ms
GET /loader.css 304 - - 1.751 ms
GET /jquery.min.js 304 - - 33.244 ms
GET /bootstrap/js/bootstrap.min.js 304 - - 26.721 ms
GET /lib/user.png 304 - - 69.595 ms
GET /fontawesome/webfonts/fa-solid-900.woff2 304 - - 2.030 ms
GET /bootstrap/fonts/glyphicons-halflings-regular.woff2 304 - - 1.899 ms
GET /bootstrap/css/bootstrap.min.css.map 304 - - 18.889 ms
GET /upload/ 200 4973 - 55.948 ms
GET /bootstrap/css/bootstrap.min.css 304 - - 19.793 ms
GET /fontawesome/css/all.css 304 - - 1.897 ms
GET /layout.css 304 - - 3.390 ms
GET /signin.css 304 - - 1.746 ms
GET /loader.css 304 - - 4.029 ms
GET /jquery.min.js 304 - - 1.706 ms
GET /bootstrap/js/bootstrap.min.js 304 - - 2.127 ms
GET /lib/user.png 304 - - 1.814 ms
GET /bootstrap/fonts/glyphicons-halflings-regular.woff2 304 - - 110.860 ms
GET /fontawesome/webfonts/fa-solid-900.woff2 304 - - 175.849 ms
GET /bootstrap/css/bootstrap.min.css.map 304 - - 2.078 ms
GET /upload/ 200 4973 - 51.207 ms
GET /bootstrap/css/bootstrap.min.css 304 - - 3.403 ms
GET /fontawesome/css/all.css 304 - - 1.922 ms
GET /layout.css 304 - - 2.154 ms
GET /signin.css 304 - - 1.737 ms
GET /loader.css 304 - - 20.774 ms
GET /jquery.min.js 304 - - 21.629 ms
GET /bootstrap/js/bootstrap.min.js 304 - - 26.912 ms
GET /lib/user.png 304 - - 83.591 ms
GET /fontawesome/webfonts/fa-solid-900.woff2 304 - - 104.837 ms
GET /bootstrap/fonts/glyphicons-halflings-regular.woff2 304 - - 96.465 ms
GET /bootstrap/css/bootstrap.min.css.map 304 - - 1.881 ms
GET /upload/ 200 4936 - 65.808 ms
GET /bootstrap/css/bootstrap.min.css 304 - - 1.954 ms
GET /fontawesome/css/all.css 304 - - 1.924 ms
GET /layout.css 304 - - 1.743 ms
GET /signin.css 304 - - 1.663 ms
GET /bootstrap/js/bootstrap.min.js 304 - - 1.859 ms
GET /loader.css 304 - - 1.645 ms
GET /jquery.min.js 304 - - 7.090 ms
GET /lib/user.png 304 - - 59.117 ms
GET /fontawesome/webfonts/fa-solid-900.woff2 304 - - 104.900 ms
GET /bootstrap/fonts/glyphicons-halflings-regular.woff2 304 - - 90.176 ms
GET /bootstrap/css/bootstrap.min.css.map 304 - - 2.767 ms
GET /upload/ 200 4934 - 55.388 ms
GET /bootstrap/css/bootstrap.min.css 304 - - 12.352 ms
GET /fontawesome/css/all.css 304 - - 1.943 ms
GET /layout.css 304 - - 1.711 ms
GET /signin.css 304 - - 1.634 ms
GET /loader.css 304 - - 33.540 ms
GET /jquery.min.js 304 - - 28.381 ms
GET /bootstrap/js/bootstrap.min.js 304 - - 27.836 ms
GET /lib/user.png 304 - - 1.836 ms
GET /fontawesome/webfonts/fa-solid-900.woff2 304 - - 1.994 ms
GET /bootstrap/fonts/glyphicons-halflings-regular.woff2 304 - - 2.026 ms
GET /bootstrap/css/bootstrap.min.css.map 304 - - 1.909 ms
