GET / 304 - - 268.180 ms
GET /bootstrap/css/bootstrap.min.css 304 - - 42.321 ms
GET /fontawesome/css/all.css 304 - - 17.655 ms
GET /layout.css 304 - - 1.936 ms
GET /social-instagram-w.png 304 - - 2.277 ms
GET /social-twitter-w.png 304 - - 1.905 ms
GET /social-facebook-w.png 304 - - 1.951 ms
GET /social-slack-w.png 304 - - 3.463 ms
GET /social-youtube-w.png 304 - - 1.818 ms
GET /social-linked-in-w.png 304 - - 3.288 ms
GET /fonts/HALO____.TTF 304 - - 3.047 ms
POST /auth/login 302 46 - 1317.352 ms
GET / 200 13589 - 174.246 ms
GET /bootstrap/css/bootstrap.min.css 304 - - 46.550 ms
GET /fontawesome/css/all.css 304 - - 52.723 ms
GET /layout.css 304 - - 58.132 ms
GET /loader.css 304 - - 57.417 ms
GET /jquery.min.js 304 - - 56.758 ms
GET /bootstrap/js/bootstrap.min.js 304 - - 56.133 ms
GET /blur.css 304 - - 55.983 ms
GET /blur.js 304 - - 55.440 ms
GET /push.js 304 - - 50.185 ms
GET /socket.io.js 304 - - 49.620 ms
GET /lib/user.png 304 - - 2.225 ms
GET /upload/1525189909-61450.png 304 - - 5.008 ms
GET /upload/pudding.png 304 - - 9.068 ms
GET /social-instagram-w.png 304 - - 2.180 ms
GET /pinterest.png 304 - - 4.342 ms
GET /twitter.png 304 - - 1.910 ms
GET /tumblr.png 304 - - 1.963 ms
GET /facebook.png 304 - - 1.995 ms
GET /reddit.png 304 - - 1.930 ms
GET /social-youtube-w.png 304 - - 25.255 ms
GET /stumbleupon.png 304 - - 1.983 ms
GET /linkedin.png 304 - - 1.937 ms
GET /google.png 304 - - 1.986 ms
GET /lib/user.png 304 - - 2.117 ms
GET /fonts/HALO____.TTF 304 - - 47.451 ms
GET /fontawesome/webfonts/fa-solid-900.woff2 304 - - 42.668 ms
GET /bootstrap/fonts/glyphicons-halflings-regular.woff2 304 - - 48.440 ms
GET /fonts/Precious.ttf 304 - - 55.919 ms
GET /upload/ 200 3743 - 40.418 ms
GET /bootstrap/css/bootstrap.min.css 304 - - 2.216 ms
GET /fontawesome/css/all.css 304 - - 2.196 ms
GET /signin.css 304 - - 5.964 ms
GET /loader.css 304 - - 8.253 ms
GET /bootstrap/js/bootstrap.min.js 304 - - 8.557 ms
GET /jquery.min.js 304 - - 1.888 ms
GET /layout.css 304 - - 2.060 ms
GET /fontawesome/webfonts/fa-solid-900.woff2 304 - - 3.201 ms
GET /upload/ 200 3766 - 10.720 ms
GET /bootstrap/css/bootstrap.min.css 304 - - 2.121 ms
GET /fontawesome/css/all.css 304 - - 15.455 ms
GET /layout.css 304 - - 49.634 ms
GET /signin.css 304 - - 48.965 ms
GET /loader.css 304 - - 48.368 ms
GET /bootstrap/js/bootstrap.min.js 304 - - 54.177 ms
GET /jquery.min.js 304 - - 35.625 ms
GET /fontawesome/webfonts/fa-solid-900.woff2 304 - - 2.557 ms
GET /upload/ 200 3795 - 9.476 ms
GET /bootstrap/css/bootstrap.min.css 304 - - 2.174 ms
GET /fontawesome/css/all.css 304 - - 2.146 ms
GET /layout.css 304 - - 1.887 ms
GET /signin.css 304 - - 1.886 ms
GET /loader.css 304 - - 30.936 ms
GET /jquery.min.js 304 - - 30.284 ms
GET /bootstrap/js/bootstrap.min.js 304 - - 29.629 ms
GET /fontawesome/webfonts/fa-solid-900.woff2 304 - - 2.190 ms
